2026-02-14 04:49:10 | INFO     | modules.crawler:crawl_stock_full_data:405 - 开始爬取 002050 的完整数据
2026-02-14 04:49:10 | INFO     | modules.crawler:__init__:45 - 爬虫初始化完成
2026-02-14 04:49:10 | INFO     | modules.crawler:__init__:45 - 爬虫初始化完成
2026-02-14 04:49:10 | INFO     | modules.crawler:search_news:141 - 开始搜索新闻: keyword=三花智控, days=7
2026-02-14 04:49:11 | ERROR    | modules.crawler:search_news:191 - 搜索新闻失败: name 're' is not defined
2026-02-14 04:49:11 | INFO     | modules.parser:parse_events:378 - 从 0 条新闻中提取 0 条事件
2026-02-14 04:49:11 | INFO     | modules.crawler:get_fund_flow:239 - 获取资金流向: 002050, days=7
2026-02-14 04:49:13 | INFO     | modules.parser:parse_eastmoney_funds:230 - 成功解析 1 条资金流向数据
2026-02-14 04:49:13 | INFO     | modules.crawler:get_fund_flow:259 - 获取资金流向完成: 1 条
2026-02-14 04:49:13 | INFO     | modules.crawler:crawl_stock_full_data:435 - 数据爬取完成: 新闻0条, 资金1条, 事件0条
2026-02-14 04:49:13 | INFO     | modules.storage:__init__:25 - 数据库初始化完成: /Users/wangchao/.minimax-agent-cn/projects/3/data/market_data.db
2026-02-14 04:49:13 | INFO     | modules.storage:save_funds:117 - 成功保存 1 条资金流向数据
2026-02-14 04:49:13 | INFO     | modules.storage:close:273 - 数据库连接已关闭
2026-02-14 04:49:39 | INFO     | modules.crawler:crawl_stock_full_data:406 - 开始爬取 002050 的完整数据
2026-02-14 04:49:39 | INFO     | modules.crawler:__init__:46 - 爬虫初始化完成
2026-02-14 04:49:39 | INFO     | modules.crawler:__init__:46 - 爬虫初始化完成
2026-02-14 04:49:39 | INFO     | modules.crawler:search_news:142 - 开始搜索新闻: keyword=三花智控, days=7
2026-02-14 04:49:41 | ERROR    | modules.parser:parse_eastmoney_news:146 - 解析新闻数据失败: 'list' object has no attribute 'get'
2026-02-14 04:49:41 | INFO     | modules.parser:parse_eastmoney_news:148 - 成功解析 0 条新闻
2026-02-14 04:49:41 | INFO     | modules.crawler:search_news:188 - 搜索完成，获取到 0 条新闻
2026-02-14 04:49:41 | INFO     | modules.parser:parse_events:378 - 从 0 条新闻中提取 0 条事件
2026-02-14 04:49:41 | INFO     | modules.crawler:get_fund_flow:240 - 获取资金流向: 002050, days=7
2026-02-14 04:49:44 | INFO     | modules.parser:parse_eastmoney_funds:230 - 成功解析 1 条资金流向数据
2026-02-14 04:49:44 | INFO     | modules.crawler:get_fund_flow:260 - 获取资金流向完成: 1 条
2026-02-14 04:49:44 | INFO     | modules.crawler:crawl_stock_full_data:436 - 数据爬取完成: 新闻0条, 资金1条, 事件0条
2026-02-14 04:49:44 | INFO     | modules.storage:__init__:25 - 数据库初始化完成: /Users/wangchao/.minimax-agent-cn/projects/3/data/market_data.db
2026-02-14 04:49:44 | INFO     | modules.storage:save_funds:117 - 成功保存 1 条资金流向数据
2026-02-14 04:49:44 | INFO     | modules.storage:close:273 - 数据库连接已关闭
2026-02-14 04:50:34 | INFO     | modules.crawler:crawl_stock_full_data:406 - 开始爬取 002050 的完整数据
2026-02-14 04:50:34 | INFO     | modules.crawler:__init__:46 - 爬虫初始化完成
2026-02-14 04:50:34 | INFO     | modules.crawler:__init__:46 - 爬虫初始化完成
2026-02-14 04:50:34 | INFO     | modules.crawler:search_news:142 - 开始搜索新闻: keyword=三花智控, days=7
2026-02-14 04:50:36 | INFO     | modules.parser:parse_eastmoney_news:148 - 成功解析 10 条新闻
2026-02-14 04:50:36 | INFO     | modules.crawler:search_news:188 - 搜索完成，获取到 10 条新闻
2026-02-14 04:50:36 | INFO     | modules.parser:parse_events:378 - 从 10 条新闻中提取 1 条事件
2026-02-14 04:50:36 | INFO     | modules.crawler:get_fund_flow:240 - 获取资金流向: 002050, days=7
2026-02-14 04:50:37 | INFO     | modules.parser:parse_eastmoney_funds:230 - 成功解析 1 条资金流向数据
2026-02-14 04:50:37 | INFO     | modules.crawler:get_fund_flow:260 - 获取资金流向完成: 1 条
2026-02-14 04:50:37 | INFO     | modules.crawler:crawl_stock_full_data:436 - 数据爬取完成: 新闻10条, 资金1条, 事件1条
2026-02-14 04:50:37 | INFO     | modules.storage:__init__:25 - 数据库初始化完成: /Users/wangchao/.minimax-agent-cn/projects/3/data/market_data.db
2026-02-14 04:50:37 | INFO     | modules.storage:save_news:77 - 成功保存 1 条新闻数据
2026-02-14 04:50:37 | INFO     | modules.storage:save_funds:117 - 成功保存 1 条资金流向数据
2026-02-14 04:50:37 | INFO     | modules.storage:save_events:194 - 成功保存 1 条事件数据
2026-02-14 04:50:37 | INFO     | modules.storage:close:273 - 数据库连接已关闭
2026-02-14 04:50:47 | INFO     | modules.crawler:crawl_market_overview:455 - 开始爬取市场概览数据
2026-02-14 04:50:47 | INFO     | modules.crawler:__init__:46 - 爬虫初始化完成
2026-02-14 04:50:47 | INFO     | modules.crawler:__init__:46 - 爬虫初始化完成
2026-02-14 04:50:47 | INFO     | modules.crawler:get_sector_fund_flow:288 - 获取行业板块资金流向: 2026-02-14
2026-02-14 04:50:49 | INFO     | modules.parser:parse_eastmoney_sectors:301 - 成功解析 0 个行业板块
2026-02-14 04:50:49 | INFO     | modules.crawler:get_sector_fund_flow:309 - 获取行业板块完成: 0 个
2026-02-14 04:50:49 | INFO     | modules.crawler:crawl_market_overview:485 - 市场概览数据爬取完成
2026-02-14 04:50:49 | INFO     | modules.storage:__init__:25 - 数据库初始化完成: /Users/wangchao/.minimax-agent-cn/projects/3/data/market_data.db
2026-02-14 04:50:49 | INFO     | modules.storage:close:273 - 数据库连接已关闭
2026-02-14 04:51:25 | INFO     | modules.crawler:crawl_market_overview:455 - 开始爬取市场概览数据
2026-02-14 04:51:25 | INFO     | modules.crawler:__init__:46 - 爬虫初始化完成
2026-02-14 04:51:25 | INFO     | modules.crawler:__init__:46 - 爬虫初始化完成
2026-02-14 04:51:25 | INFO     | modules.crawler:get_sector_fund_flow:288 - 获取行业板块资金流向: 2026-02-14
2026-02-14 04:51:27 | INFO     | modules.parser:parse_eastmoney_sectors:301 - 成功解析 100 个行业板块
2026-02-14 04:51:27 | INFO     | modules.crawler:get_sector_fund_flow:309 - 获取行业板块完成: 100 个
2026-02-14 04:51:27 | INFO     | modules.crawler:crawl_market_overview:485 - 市场概览数据爬取完成
2026-02-14 04:51:27 | INFO     | modules.storage:__init__:25 - 数据库初始化完成: /Users/wangchao/.minimax-agent-cn/projects/3/data/market_data.db
2026-02-14 04:51:27 | INFO     | modules.storage:save_sectors:154 - 成功保存 20 条行业数据
2026-02-14 04:51:27 | INFO     | modules.storage:close:273 - 数据库连接已关闭
2026-02-14 05:19:25 | INFO     | modules.crawler:__init__:46 - 爬虫初始化完成
2026-02-14 05:19:25 | INFO     | modules.crawler:search_news:142 - 开始搜索新闻: keyword=光线传媒, days=7
2026-02-14 05:19:28 | INFO     | modules.parser:parse_eastmoney_news:148 - 成功解析 10 条新闻
2026-02-14 05:19:28 | INFO     | modules.crawler:search_news:188 - 搜索完成，获取到 10 条新闻
2026-02-14 05:19:36 | INFO     | modules.crawler:crawl_stock_full_data:406 - 开始爬取 300251 的完整数据
2026-02-14 05:19:36 | INFO     | modules.crawler:__init__:46 - 爬虫初始化完成
2026-02-14 05:19:36 | INFO     | modules.crawler:__init__:46 - 爬虫初始化完成
2026-02-14 05:19:36 | INFO     | modules.crawler:search_news:142 - 开始搜索新闻: keyword=光线传媒, days=7
2026-02-14 05:19:38 | INFO     | modules.parser:parse_eastmoney_news:148 - 成功解析 10 条新闻
2026-02-14 05:19:38 | INFO     | modules.crawler:search_news:188 - 搜索完成，获取到 10 条新闻
2026-02-14 05:19:38 | INFO     | modules.parser:parse_events:378 - 从 10 条新闻中提取 0 条事件
2026-02-14 05:19:38 | INFO     | modules.crawler:get_fund_flow:240 - 获取资金流向: 300251, days=7
2026-02-14 05:19:40 | INFO     | modules.parser:parse_eastmoney_funds:230 - 成功解析 1 条资金流向数据
2026-02-14 05:19:40 | INFO     | modules.crawler:get_fund_flow:260 - 获取资金流向完成: 1 条
2026-02-14 05:19:40 | INFO     | modules.crawler:crawl_stock_full_data:436 - 数据爬取完成: 新闻10条, 资金1条, 事件0条
2026-02-14 05:19:48 | INFO     | modules.crawler:crawl_market_overview:455 - 开始爬取市场概览数据
2026-02-14 05:19:48 | INFO     | modules.crawler:__init__:46 - 爬虫初始化完成
2026-02-14 05:19:48 | INFO     | modules.crawler:__init__:46 - 爬虫初始化完成
2026-02-14 05:19:48 | INFO     | modules.crawler:get_sector_fund_flow:288 - 获取行业板块资金流向: 2026-02-14
2026-02-14 05:19:50 | INFO     | modules.parser:parse_eastmoney_sectors:301 - 成功解析 100 个行业板块
2026-02-14 05:19:50 | INFO     | modules.crawler:get_sector_fund_flow:309 - 获取行业板块完成: 100 个
2026-02-14 05:19:50 | INFO     | modules.crawler:crawl_market_overview:485 - 市场概览数据爬取完成
2026-02-14 05:21:10 | INFO     | modules.crawler:__init__:46 - 爬虫初始化完成
2026-02-14 05:21:10 | INFO     | modules.crawler:search_news:142 - 开始搜索新闻: keyword=光线传媒, days=7
2026-02-14 05:21:13 | INFO     | modules.parser:parse_eastmoney_news:148 - 成功解析 10 条新闻
2026-02-14 05:21:13 | INFO     | modules.crawler:search_news:188 - 搜索完成，获取到 10 条新闻
2026-02-14 05:21:25 | INFO     | modules.crawler:crawl_stock_full_data:406 - 开始爬取 300251 的完整数据
2026-02-14 05:21:25 | INFO     | modules.crawler:__init__:46 - 爬虫初始化完成
2026-02-14 05:21:25 | INFO     | modules.crawler:__init__:46 - 爬虫初始化完成
2026-02-14 05:21:25 | INFO     | modules.crawler:search_news:142 - 开始搜索新闻: keyword=光线传媒, days=7
2026-02-14 05:21:27 | INFO     | modules.parser:parse_eastmoney_news:148 - 成功解析 10 条新闻
2026-02-14 05:21:27 | INFO     | modules.crawler:search_news:188 - 搜索完成，获取到 10 条新闻
2026-02-14 05:21:27 | INFO     | modules.parser:parse_events:378 - 从 10 条新闻中提取 0 条事件
2026-02-14 05:21:27 | INFO     | modules.crawler:get_fund_flow:240 - 获取资金流向: 300251, days=7
2026-02-14 05:21:29 | INFO     | modules.parser:parse_eastmoney_funds:230 - 成功解析 1 条资金流向数据
2026-02-14 05:21:29 | INFO     | modules.crawler:get_fund_flow:260 - 获取资金流向完成: 1 条
2026-02-14 05:21:29 | INFO     | modules.crawler:crawl_stock_full_data:436 - 数据爬取完成: 新闻10条, 资金1条, 事件0条
2026-02-14 05:21:39 | INFO     | modules.crawler:crawl_market_overview:455 - 开始爬取市场概览数据
2026-02-14 05:21:39 | INFO     | modules.crawler:__init__:46 - 爬虫初始化完成
2026-02-14 05:21:39 | INFO     | modules.crawler:__init__:46 - 爬虫初始化完成
2026-02-14 05:21:39 | INFO     | modules.crawler:get_sector_fund_flow:288 - 获取行业板块资金流向: 2026-02-14
2026-02-14 05:21:42 | INFO     | modules.parser:parse_eastmoney_sectors:301 - 成功解析 100 个行业板块
2026-02-14 05:21:42 | INFO     | modules.crawler:get_sector_fund_flow:309 - 获取行业板块完成: 100 个
2026-02-14 05:21:42 | INFO     | modules.crawler:crawl_market_overview:485 - 市场概览数据爬取完成
2026-02-14 05:24:00 | INFO     | modules.crawler:__init__:46 - 爬虫初始化完成
2026-02-14 05:24:00 | INFO     | modules.crawler:search_news:142 - 开始搜索新闻: keyword=300251, days=3
2026-02-14 05:24:01 | INFO     | modules.parser:parse_eastmoney_news:148 - 成功解析 10 条新闻
2026-02-14 05:24:01 | INFO     | modules.crawler:search_news:188 - 搜索完成，获取到 10 条新闻
2026-02-14 05:24:01 | INFO     | modules.crawler:__init__:46 - 爬虫初始化完成
2026-02-14 05:24:01 | INFO     | modules.crawler:get_fund_flow:240 - 获取资金流向: 300251, days=3
2026-02-14 05:24:04 | INFO     | modules.parser:parse_eastmoney_funds:230 - 成功解析 1 条资金流向数据
2026-02-14 05:24:04 | INFO     | modules.crawler:get_fund_flow:260 - 获取资金流向完成: 1 条
2026-02-14 05:24:04 | INFO     | modules.crawler:__init__:46 - 爬虫初始化完成
2026-02-14 05:24:04 | INFO     | modules.crawler:search_news:142 - 开始搜索新闻: keyword=300251, days=7
2026-02-14 05:24:06 | INFO     | modules.parser:parse_eastmoney_news:148 - 成功解析 10 条新闻
2026-02-14 05:24:06 | INFO     | modules.crawler:search_news:188 - 搜索完成，获取到 10 条新闻
2026-02-14 05:24:06 | INFO     | modules.crawler:__init__:46 - 爬虫初始化完成
2026-02-14 05:24:06 | INFO     | modules.crawler:get_fund_flow:240 - 获取资金流向: 300251, days=5
2026-02-14 05:24:09 | INFO     | modules.parser:parse_eastmoney_funds:230 - 成功解析 1 条资金流向数据
2026-02-14 05:24:09 | INFO     | modules.crawler:get_fund_flow:260 - 获取资金流向完成: 1 条
2026-02-14 05:24:09 | INFO     | modules.crawler:__init__:46 - 爬虫初始化完成
2026-02-14 05:24:09 | INFO     | modules.crawler:search_news:142 - 开始搜索新闻: keyword=300251, days=3
2026-02-14 05:24:10 | INFO     | modules.parser:parse_eastmoney_news:148 - 成功解析 10 条新闻
2026-02-14 05:24:10 | INFO     | modules.crawler:search_news:188 - 搜索完成，获取到 10 条新闻
2026-02-14 05:24:10 | INFO     | modules.crawler:crawl_stock_full_data:406 - 开始爬取 300251 的完整数据
2026-02-14 05:24:10 | INFO     | modules.crawler:__init__:46 - 爬虫初始化完成
2026-02-14 05:24:10 | INFO     | modules.crawler:__init__:46 - 爬虫初始化完成
2026-02-14 05:24:10 | INFO     | modules.crawler:search_news:142 - 开始搜索新闻: keyword=光线传媒, days=7
2026-02-14 05:24:12 | INFO     | modules.parser:parse_eastmoney_news:148 - 成功解析 10 条新闻
2026-02-14 05:24:12 | INFO     | modules.crawler:search_news:188 - 搜索完成，获取到 10 条新闻
2026-02-14 05:24:12 | INFO     | modules.parser:parse_events:378 - 从 10 条新闻中提取 0 条事件
2026-02-14 05:24:12 | INFO     | modules.crawler:get_fund_flow:240 - 获取资金流向: 300251, days=7
2026-02-14 05:24:15 | INFO     | modules.parser:parse_eastmoney_funds:230 - 成功解析 1 条资金流向数据
2026-02-14 05:24:15 | INFO     | modules.crawler:get_fund_flow:260 - 获取资金流向完成: 1 条
2026-02-14 05:24:15 | INFO     | modules.crawler:crawl_stock_full_data:436 - 数据爬取完成: 新闻10条, 资金1条, 事件0条
2026-02-14 05:24:15 | INFO     | modules.crawler:__init__:46 - 爬虫初始化完成
2026-02-14 05:24:15 | INFO     | modules.crawler:search_news:142 - 开始搜索新闻: keyword=300251, days=7
2026-02-14 05:24:17 | INFO     | modules.parser:parse_eastmoney_news:148 - 成功解析 10 条新闻
2026-02-14 05:24:17 | INFO     | modules.crawler:search_news:188 - 搜索完成，获取到 10 条新闻
2026-02-14 05:30:43 | INFO     | modules.crawler:__init__:46 - 爬虫初始化完成
2026-02-14 05:30:43 | INFO     | modules.crawler:search_news:142 - 开始搜索新闻: keyword=300251, days=3
2026-02-14 05:30:46 | INFO     | modules.parser:parse_eastmoney_news:137 - 尝试解析新闻数据，找到 10 条新闻
2026-02-14 05:30:46 | INFO     | modules.parser:parse_eastmoney_news:169 - 成功解析 10 条新闻
2026-02-14 05:30:46 | INFO     | modules.crawler:search_news:188 - 搜索完成，获取到 10 条新闻
2026-02-14 05:30:46 | INFO     | modules.crawler:__init__:46 - 爬虫初始化完成
2026-02-14 05:30:46 | INFO     | modules.crawler:get_fund_flow:240 - 获取资金流向: 300251, days=3
2026-02-14 05:30:47 | INFO     | modules.parser:parse_eastmoney_funds:251 - 成功解析 1 条资金流向数据
2026-02-14 05:30:47 | INFO     | modules.crawler:get_fund_flow:260 - 获取资金流向完成: 1 条
2026-02-14 05:30:47 | INFO     | modules.crawler:__init__:46 - 爬虫初始化完成
2026-02-14 05:30:47 | INFO     | modules.crawler:search_news:142 - 开始搜索新闻: keyword=300251, days=7
2026-02-14 05:30:49 | INFO     | modules.parser:parse_eastmoney_news:137 - 尝试解析新闻数据，找到 10 条新闻
2026-02-14 05:30:49 | INFO     | modules.parser:parse_eastmoney_news:169 - 成功解析 10 条新闻
2026-02-14 05:30:49 | INFO     | modules.crawler:search_news:188 - 搜索完成，获取到 10 条新闻
2026-02-14 05:30:49 | INFO     | modules.crawler:__init__:46 - 爬虫初始化完成
2026-02-14 05:30:49 | INFO     | modules.crawler:get_fund_flow:240 - 获取资金流向: 300251, days=5
2026-02-14 05:30:50 | INFO     | modules.parser:parse_eastmoney_funds:251 - 成功解析 1 条资金流向数据
2026-02-14 05:30:50 | INFO     | modules.crawler:get_fund_flow:260 - 获取资金流向完成: 1 条
2026-02-14 05:30:50 | INFO     | modules.crawler:__init__:46 - 爬虫初始化完成
2026-02-14 05:30:50 | INFO     | modules.crawler:search_news:142 - 开始搜索新闻: keyword=300251, days=3
2026-02-14 05:30:52 | INFO     | modules.parser:parse_eastmoney_news:137 - 尝试解析新闻数据，找到 10 条新闻
2026-02-14 05:30:52 | INFO     | modules.parser:parse_eastmoney_news:169 - 成功解析 10 条新闻
2026-02-14 05:30:52 | INFO     | modules.crawler:search_news:188 - 搜索完成，获取到 10 条新闻
2026-02-14 05:30:52 | INFO     | modules.crawler:crawl_stock_full_data:406 - 开始爬取 300251 的完整数据
2026-02-14 05:30:52 | INFO     | modules.crawler:__init__:46 - 爬虫初始化完成
2026-02-14 05:30:52 | INFO     | modules.crawler:__init__:46 - 爬虫初始化完成
2026-02-14 05:30:52 | INFO     | modules.crawler:search_news:142 - 开始搜索新闻: keyword=光线传媒, days=7
2026-02-14 05:30:54 | INFO     | modules.parser:parse_eastmoney_news:137 - 尝试解析新闻数据，找到 10 条新闻
2026-02-14 05:30:54 | INFO     | modules.parser:parse_eastmoney_news:169 - 成功解析 10 条新闻
2026-02-14 05:30:54 | INFO     | modules.crawler:search_news:188 - 搜索完成，获取到 10 条新闻
2026-02-14 05:30:54 | INFO     | modules.parser:parse_events:399 - 从 10 条新闻中提取 0 条事件
2026-02-14 05:30:54 | INFO     | modules.crawler:get_fund_flow:240 - 获取资金流向: 300251, days=7
2026-02-14 05:30:55 | INFO     | modules.parser:parse_eastmoney_funds:251 - 成功解析 1 条资金流向数据
2026-02-14 05:30:55 | INFO     | modules.crawler:get_fund_flow:260 - 获取资金流向完成: 1 条
2026-02-14 05:30:55 | INFO     | modules.crawler:crawl_stock_full_data:436 - 数据爬取完成: 新闻10条, 资金1条, 事件0条
2026-02-14 05:30:55 | INFO     | modules.crawler:__init__:46 - 爬虫初始化完成
2026-02-14 05:30:55 | INFO     | modules.crawler:search_news:142 - 开始搜索新闻: keyword=300251, days=7
2026-02-14 05:30:58 | INFO     | modules.parser:parse_eastmoney_news:137 - 尝试解析新闻数据，找到 10 条新闻
2026-02-14 05:30:58 | INFO     | modules.parser:parse_eastmoney_news:169 - 成功解析 10 条新闻
2026-02-14 05:30:58 | INFO     | modules.crawler:search_news:188 - 搜索完成，获取到 10 条新闻
2026-02-14 05:31:17 | INFO     | modules.crawler:__init__:46 - 爬虫初始化完成
2026-02-14 05:31:17 | INFO     | modules.crawler:search_news:142 - 开始搜索新闻: keyword=300251, days=3
2026-02-14 05:31:19 | INFO     | modules.parser:parse_eastmoney_news:137 - 尝试解析新闻数据，找到 10 条新闻
2026-02-14 05:31:19 | INFO     | modules.parser:parse_eastmoney_news:169 - 成功解析 10 条新闻
2026-02-14 05:31:19 | INFO     | modules.crawler:search_news:188 - 搜索完成，获取到 10 条新闻
2026-02-14 05:31:19 | INFO     | modules.crawler:__init__:46 - 爬虫初始化完成
2026-02-14 05:31:19 | INFO     | modules.crawler:get_fund_flow:240 - 获取资金流向: 300251, days=3
2026-02-14 05:31:21 | INFO     | modules.parser:parse_eastmoney_funds:251 - 成功解析 1 条资金流向数据
2026-02-14 05:31:21 | INFO     | modules.crawler:get_fund_flow:260 - 获取资金流向完成: 1 条
2026-02-14 05:31:21 | INFO     | modules.crawler:__init__:46 - 爬虫初始化完成
2026-02-14 05:31:21 | INFO     | modules.crawler:search_news:142 - 开始搜索新闻: keyword=300251, days=7
2026-02-14 05:31:23 | INFO     | modules.parser:parse_eastmoney_news:137 - 尝试解析新闻数据，找到 10 条新闻
2026-02-14 05:31:23 | INFO     | modules.parser:parse_eastmoney_news:169 - 成功解析 10 条新闻
2026-02-14 05:31:23 | INFO     | modules.crawler:search_news:188 - 搜索完成，获取到 10 条新闻
2026-02-14 05:31:23 | INFO     | modules.crawler:__init__:46 - 爬虫初始化完成
2026-02-14 05:31:23 | INFO     | modules.crawler:get_fund_flow:240 - 获取资金流向: 300251, days=5
2026-02-14 05:31:26 | INFO     | modules.parser:parse_eastmoney_funds:251 - 成功解析 1 条资金流向数据
2026-02-14 05:31:26 | INFO     | modules.crawler:get_fund_flow:260 - 获取资金流向完成: 1 条
2026-02-14 05:31:26 | INFO     | modules.crawler:__init__:46 - 爬虫初始化完成
2026-02-14 05:31:26 | INFO     | modules.crawler:search_news:142 - 开始搜索新闻: keyword=300251, days=3
2026-02-14 05:31:29 | INFO     | modules.parser:parse_eastmoney_news:137 - 尝试解析新闻数据，找到 10 条新闻
2026-02-14 05:31:29 | INFO     | modules.parser:parse_eastmoney_news:169 - 成功解析 10 条新闻
2026-02-14 05:31:29 | INFO     | modules.crawler:search_news:188 - 搜索完成，获取到 10 条新闻
2026-02-14 05:31:29 | INFO     | modules.crawler:crawl_stock_full_data:406 - 开始爬取 300251 的完整数据
2026-02-14 05:31:29 | INFO     | modules.crawler:__init__:46 - 爬虫初始化完成
2026-02-14 05:31:29 | INFO     | modules.crawler:__init__:46 - 爬虫初始化完成
2026-02-14 05:31:29 | INFO     | modules.crawler:search_news:142 - 开始搜索新闻: keyword=光线传媒, days=7
2026-02-14 05:31:31 | INFO     | modules.parser:parse_eastmoney_news:137 - 尝试解析新闻数据，找到 10 条新闻
2026-02-14 05:31:31 | INFO     | modules.parser:parse_eastmoney_news:169 - 成功解析 10 条新闻
2026-02-14 05:31:31 | INFO     | modules.crawler:search_news:188 - 搜索完成，获取到 10 条新闻
2026-02-14 05:31:31 | INFO     | modules.parser:parse_events:399 - 从 10 条新闻中提取 0 条事件
2026-02-14 05:31:31 | INFO     | modules.crawler:get_fund_flow:240 - 获取资金流向: 300251, days=7
2026-02-14 05:31:34 | INFO     | modules.parser:parse_eastmoney_funds:251 - 成功解析 1 条资金流向数据
2026-02-14 05:31:34 | INFO     | modules.crawler:get_fund_flow:260 - 获取资金流向完成: 1 条
2026-02-14 05:31:34 | INFO     | modules.crawler:crawl_stock_full_data:436 - 数据爬取完成: 新闻10条, 资金1条, 事件0条
2026-02-14 05:31:34 | INFO     | modules.crawler:__init__:46 - 爬虫初始化完成
2026-02-14 05:31:34 | INFO     | modules.crawler:search_news:142 - 开始搜索新闻: keyword=300251, days=7
2026-02-14 05:31:36 | INFO     | modules.parser:parse_eastmoney_news:137 - 尝试解析新闻数据，找到 10 条新闻
2026-02-14 05:31:36 | INFO     | modules.parser:parse_eastmoney_news:169 - 成功解析 10 条新闻
2026-02-14 05:31:36 | INFO     | modules.crawler:search_news:188 - 搜索完成，获取到 10 条新闻
2026-02-14 05:33:37 | INFO     | modules.crawler:__init__:46 - 爬虫初始化完成
2026-02-14 05:33:37 | INFO     | modules.crawler:search_news:142 - 开始搜索新闻: keyword=300251, days=3
2026-02-14 05:33:40 | INFO     | modules.parser:parse_eastmoney_news:137 - 尝试解析新闻数据，找到 10 条新闻
2026-02-14 05:33:40 | INFO     | modules.parser:parse_eastmoney_news:169 - 成功解析 10 条新闻
2026-02-14 05:33:40 | INFO     | modules.crawler:search_news:188 - 搜索完成，获取到 10 条新闻
2026-02-14 05:33:40 | INFO     | modules.crawler:__init__:46 - 爬虫初始化完成
2026-02-14 05:33:40 | INFO     | modules.crawler:get_fund_flow:240 - 获取资金流向: 300251, days=3
2026-02-14 05:33:42 | INFO     | modules.parser:parse_eastmoney_funds:251 - 成功解析 1 条资金流向数据
2026-02-14 05:33:42 | INFO     | modules.crawler:get_fund_flow:260 - 获取资金流向完成: 1 条
2026-02-14 05:33:42 | INFO     | modules.crawler:__init__:46 - 爬虫初始化完成
2026-02-14 05:33:42 | INFO     | modules.crawler:search_news:142 - 开始搜索新闻: keyword=300251, days=7
2026-02-14 05:33:44 | INFO     | modules.parser:parse_eastmoney_news:137 - 尝试解析新闻数据，找到 10 条新闻
2026-02-14 05:33:44 | INFO     | modules.parser:parse_eastmoney_news:169 - 成功解析 10 条新闻
2026-02-14 05:33:44 | INFO     | modules.crawler:search_news:188 - 搜索完成，获取到 10 条新闻
2026-02-14 05:33:44 | INFO     | modules.crawler:__init__:46 - 爬虫初始化完成
2026-02-14 05:33:44 | INFO     | modules.crawler:get_fund_flow:240 - 获取资金流向: 300251, days=5
2026-02-14 05:33:46 | INFO     | modules.parser:parse_eastmoney_funds:251 - 成功解析 1 条资金流向数据
2026-02-14 05:33:46 | INFO     | modules.crawler:get_fund_flow:260 - 获取资金流向完成: 1 条
2026-02-14 05:33:46 | INFO     | modules.crawler:__init__:46 - 爬虫初始化完成
2026-02-14 05:33:46 | INFO     | modules.crawler:search_news:142 - 开始搜索新闻: keyword=300251, days=3
2026-02-14 05:33:48 | INFO     | modules.parser:parse_eastmoney_news:137 - 尝试解析新闻数据，找到 10 条新闻
2026-02-14 05:33:48 | INFO     | modules.parser:parse_eastmoney_news:169 - 成功解析 10 条新闻
2026-02-14 05:33:48 | INFO     | modules.crawler:search_news:188 - 搜索完成，获取到 10 条新闻
2026-02-14 05:33:48 | INFO     | modules.crawler:crawl_stock_full_data:406 - 开始爬取 300251 的完整数据
2026-02-14 05:33:48 | INFO     | modules.crawler:__init__:46 - 爬虫初始化完成
2026-02-14 05:33:48 | INFO     | modules.crawler:__init__:46 - 爬虫初始化完成
2026-02-14 05:33:48 | INFO     | modules.crawler:search_news:142 - 开始搜索新闻: keyword=光线传媒, days=7
2026-02-14 05:33:50 | INFO     | modules.parser:parse_eastmoney_news:137 - 尝试解析新闻数据，找到 10 条新闻
2026-02-14 05:33:50 | INFO     | modules.parser:parse_eastmoney_news:169 - 成功解析 10 条新闻
2026-02-14 05:33:50 | INFO     | modules.crawler:search_news:188 - 搜索完成，获取到 10 条新闻
2026-02-14 05:33:50 | INFO     | modules.parser:parse_events:399 - 从 10 条新闻中提取 0 条事件
2026-02-14 05:33:50 | INFO     | modules.crawler:get_fund_flow:240 - 获取资金流向: 300251, days=7
2026-02-14 05:33:51 | INFO     | modules.parser:parse_eastmoney_funds:251 - 成功解析 1 条资金流向数据
2026-02-14 05:33:51 | INFO     | modules.crawler:get_fund_flow:260 - 获取资金流向完成: 1 条
2026-02-14 05:33:51 | INFO     | modules.crawler:crawl_stock_full_data:436 - 数据爬取完成: 新闻10条, 资金1条, 事件0条
2026-02-14 05:33:51 | INFO     | modules.crawler:__init__:46 - 爬虫初始化完成
2026-02-14 05:33:51 | INFO     | modules.crawler:search_news:142 - 开始搜索新闻: keyword=300251, days=7
2026-02-14 05:33:54 | INFO     | modules.parser:parse_eastmoney_news:137 - 尝试解析新闻数据，找到 10 条新闻
2026-02-14 05:33:54 | INFO     | modules.parser:parse_eastmoney_news:169 - 成功解析 10 条新闻
2026-02-14 05:33:54 | INFO     | modules.crawler:search_news:188 - 搜索完成，获取到 10 条新闻
2026-02-14 05:36:23 | INFO     | modules.crawler:__init__:46 - 爬虫初始化完成
2026-02-14 05:36:23 | INFO     | modules.crawler:search_news:142 - 开始搜索新闻: keyword=300251, days=3
2026-02-14 05:36:25 | INFO     | modules.parser:parse_eastmoney_news:137 - 尝试解析新闻数据，找到 10 条新闻
2026-02-14 05:36:25 | INFO     | modules.parser:parse_eastmoney_news:169 - 成功解析 10 条新闻
2026-02-14 05:36:25 | INFO     | modules.crawler:search_news:188 - 搜索完成，获取到 10 条新闻
2026-02-14 05:36:25 | INFO     | modules.crawler:__init__:46 - 爬虫初始化完成
2026-02-14 05:36:25 | INFO     | modules.crawler:get_fund_flow:240 - 获取资金流向: 300251, days=3
2026-02-14 05:36:26 | INFO     | modules.parser:parse_eastmoney_funds:251 - 成功解析 1 条资金流向数据
2026-02-14 05:36:26 | INFO     | modules.crawler:get_fund_flow:260 - 获取资金流向完成: 1 条
2026-02-14 05:36:26 | INFO     | modules.crawler:__init__:46 - 爬虫初始化完成
2026-02-14 05:36:26 | INFO     | modules.crawler:search_news:142 - 开始搜索新闻: keyword=300251, days=7
2026-02-14 05:36:28 | INFO     | modules.parser:parse_eastmoney_news:137 - 尝试解析新闻数据，找到 10 条新闻
2026-02-14 05:36:28 | INFO     | modules.parser:parse_eastmoney_news:169 - 成功解析 10 条新闻
2026-02-14 05:36:28 | INFO     | modules.crawler:search_news:188 - 搜索完成，获取到 10 条新闻
2026-02-14 05:36:28 | INFO     | modules.crawler:__init__:46 - 爬虫初始化完成
2026-02-14 05:36:28 | INFO     | modules.crawler:get_fund_flow:240 - 获取资金流向: 300251, days=5
2026-02-14 05:36:30 | INFO     | modules.parser:parse_eastmoney_funds:251 - 成功解析 1 条资金流向数据
2026-02-14 05:36:30 | INFO     | modules.crawler:get_fund_flow:260 - 获取资金流向完成: 1 条
2026-02-14 05:36:30 | INFO     | modules.crawler:__init__:46 - 爬虫初始化完成
2026-02-14 05:36:30 | INFO     | modules.crawler:search_news:142 - 开始搜索新闻: keyword=300251, days=3
2026-02-14 05:36:32 | INFO     | modules.parser:parse_eastmoney_news:137 - 尝试解析新闻数据，找到 10 条新闻
2026-02-14 05:36:32 | INFO     | modules.parser:parse_eastmoney_news:169 - 成功解析 10 条新闻
2026-02-14 05:36:32 | INFO     | modules.crawler:search_news:188 - 搜索完成，获取到 10 条新闻
2026-02-14 05:36:32 | INFO     | modules.crawler:crawl_stock_full_data:406 - 开始爬取 300251 的完整数据
2026-02-14 05:36:32 | INFO     | modules.crawler:__init__:46 - 爬虫初始化完成
2026-02-14 05:36:32 | INFO     | modules.crawler:__init__:46 - 爬虫初始化完成
2026-02-14 05:36:32 | INFO     | modules.crawler:search_news:142 - 开始搜索新闻: keyword=光线传媒, days=7
2026-02-14 05:36:34 | INFO     | modules.parser:parse_eastmoney_news:137 - 尝试解析新闻数据，找到 10 条新闻
2026-02-14 05:36:34 | INFO     | modules.parser:parse_eastmoney_news:169 - 成功解析 10 条新闻
2026-02-14 05:36:34 | INFO     | modules.crawler:search_news:188 - 搜索完成，获取到 10 条新闻
2026-02-14 05:36:34 | INFO     | modules.parser:parse_events:399 - 从 10 条新闻中提取 0 条事件
2026-02-14 05:36:34 | INFO     | modules.crawler:get_fund_flow:240 - 获取资金流向: 300251, days=7
2026-02-14 05:36:35 | INFO     | modules.parser:parse_eastmoney_funds:251 - 成功解析 1 条资金流向数据
2026-02-14 05:36:35 | INFO     | modules.crawler:get_fund_flow:260 - 获取资金流向完成: 1 条
2026-02-14 05:36:35 | INFO     | modules.crawler:crawl_stock_full_data:436 - 数据爬取完成: 新闻10条, 资金1条, 事件0条
2026-02-14 05:36:35 | INFO     | modules.crawler:__init__:46 - 爬虫初始化完成
2026-02-14 05:36:35 | INFO     | modules.crawler:search_news:142 - 开始搜索新闻: keyword=300251, days=7
2026-02-14 05:36:38 | INFO     | modules.parser:parse_eastmoney_news:137 - 尝试解析新闻数据，找到 10 条新闻
2026-02-14 05:36:38 | INFO     | modules.parser:parse_eastmoney_news:169 - 成功解析 10 条新闻
2026-02-14 05:36:38 | INFO     | modules.crawler:search_news:188 - 搜索完成，获取到 10 条新闻
2026-02-14 05:49:12 | INFO     | modules.crawler:crawl_stock_full_data:422 - 开始爬取 300251 的完整数据
2026-02-14 05:49:33 | INFO     | modules.crawler:__init__:72 - 爬虫初始化完成
2026-02-14 05:49:33 | INFO     | modules.crawler:search_news:168 - 开始搜索新闻: keyword=300251, days=7
2026-02-14 05:49:35 | INFO     | modules.parser:parse_eastmoney_news:137 - 尝试解析新闻数据，找到 10 条新闻
2026-02-14 05:49:35 | INFO     | modules.parser:parse_eastmoney_news:169 - 成功解析 10 条新闻
2026-02-14 05:49:35 | INFO     | modules.crawler:search_news:214 - 搜索完成，获取到 10 条新闻
2026-02-14 05:49:35 | INFO     | modules.crawler:__init__:72 - 爬虫初始化完成
2026-02-14 05:49:35 | INFO     | modules.crawler:search_news:168 - 开始搜索新闻: keyword=300251, days=7
2026-02-14 05:49:38 | INFO     | modules.parser:parse_eastmoney_news:137 - 尝试解析新闻数据，找到 10 条新闻
2026-02-14 05:49:38 | INFO     | modules.parser:parse_eastmoney_news:169 - 成功解析 10 条新闻
2026-02-14 05:49:38 | INFO     | modules.crawler:search_news:214 - 搜索完成，获取到 10 条新闻
2026-02-14 05:49:38 | INFO     | modules.crawler:__init__:72 - 爬虫初始化完成
2026-02-14 05:49:38 | INFO     | modules.crawler:get_fund_flow:266 - 获取资金流向: 300251, days=5
2026-02-14 05:49:39 | INFO     | modules.parser:parse_eastmoney_funds:251 - 成功解析 1 条资金流向数据
2026-02-14 05:49:39 | INFO     | modules.crawler:get_fund_flow:286 - 获取资金流向完成: 1 条
2026-02-14 05:49:39 | INFO     | modules.crawler:__init__:72 - 爬虫初始化完成
2026-02-14 05:49:39 | INFO     | modules.crawler:search_news:168 - 开始搜索新闻: keyword=300251, days=7
2026-02-14 05:49:41 | INFO     | modules.parser:parse_eastmoney_news:137 - 尝试解析新闻数据，找到 10 条新闻
2026-02-14 05:49:41 | INFO     | modules.parser:parse_eastmoney_news:169 - 成功解析 10 条新闻
2026-02-14 05:49:41 | INFO     | modules.crawler:search_news:214 - 搜索完成，获取到 10 条新闻
2026-02-14 05:49:41 | INFO     | modules.crawler:__init__:72 - 爬虫初始化完成
2026-02-14 05:49:41 | INFO     | modules.crawler:get_fund_flow:266 - 获取资金流向: 300251, days=5
2026-02-14 05:49:43 | INFO     | modules.parser:parse_eastmoney_funds:251 - 成功解析 1 条资金流向数据
2026-02-14 05:49:43 | INFO     | modules.crawler:get_fund_flow:286 - 获取资金流向完成: 1 条
2026-02-14 05:49:43 | INFO     | modules.crawler:__init__:72 - 爬虫初始化完成
2026-02-14 05:49:43 | INFO     | modules.crawler:search_news:168 - 开始搜索新闻: keyword=300251, days=3
2026-02-14 05:49:45 | INFO     | modules.parser:parse_eastmoney_news:137 - 尝试解析新闻数据，找到 10 条新闻
2026-02-14 05:49:45 | INFO     | modules.parser:parse_eastmoney_news:169 - 成功解析 10 条新闻
2026-02-14 05:49:45 | INFO     | modules.crawler:search_news:214 - 搜索完成，获取到 10 条新闻
2026-02-14 05:49:45 | INFO     | modules.crawler:crawl_stock_full_data:432 - 开始爬取 300251 的完整数据
2026-02-14 05:49:45 | INFO     | modules.crawler:__init__:72 - 爬虫初始化完成
2026-02-14 05:49:45 | INFO     | modules.crawler:__init__:72 - 爬虫初始化完成
2026-02-14 05:49:45 | INFO     | modules.crawler:search_news:168 - 开始搜索新闻: keyword=光线传媒, days=7
2026-02-14 05:49:48 | INFO     | modules.parser:parse_eastmoney_news:137 - 尝试解析新闻数据，找到 10 条新闻
2026-02-14 05:49:48 | INFO     | modules.parser:parse_eastmoney_news:169 - 成功解析 10 条新闻
2026-02-14 05:49:48 | INFO     | modules.crawler:search_news:214 - 搜索完成，获取到 10 条新闻
2026-02-14 05:49:48 | INFO     | modules.parser:parse_events:399 - 从 10 条新闻中提取 0 条事件
2026-02-14 05:49:48 | INFO     | modules.crawler:get_fund_flow:266 - 获取资金流向: 300251, days=7
2026-02-14 05:49:49 | INFO     | modules.parser:parse_eastmoney_funds:251 - 成功解析 1 条资金流向数据
2026-02-14 05:49:49 | INFO     | modules.crawler:get_fund_flow:286 - 获取资金流向完成: 1 条
2026-02-14 05:49:49 | INFO     | modules.crawler:crawl_stock_full_data:462 - 数据爬取完成: 新闻10条, 资金1条, 事件0条
