2026-02-14 05:46:39 | INFO     | modules.crawler:crawl_stock_full_data:422 - 开始爬取 300251 的完整数据
2026-02-14 05:50:50 | INFO     | modules.crawler:__init__:72 - 爬虫初始化完成
2026-02-14 05:50:50 | INFO     | modules.crawler:search_news:168 - 开始搜索新闻: keyword=300251, days=7
2026-02-14 05:50:51 | INFO     | modules.parser:parse_eastmoney_news:137 - 尝试解析新闻数据，找到 10 条新闻
2026-02-14 05:50:51 | INFO     | modules.parser:parse_eastmoney_news:169 - 成功解析 10 条新闻
2026-02-14 05:50:51 | INFO     | modules.crawler:search_news:214 - 搜索完成，获取到 10 条新闻
2026-02-14 05:50:51 | INFO     | modules.crawler:__init__:72 - 爬虫初始化完成
2026-02-14 05:50:51 | INFO     | modules.crawler:get_fund_flow:266 - 获取资金流向: 300251, days=5
2026-02-14 05:50:53 | INFO     | modules.parser:parse_eastmoney_funds:251 - 成功解析 1 条资金流向数据
2026-02-14 05:50:53 | INFO     | modules.crawler:get_fund_flow:286 - 获取资金流向完成: 1 条
2026-02-14 05:50:53 | INFO     | modules.crawler:__init__:72 - 爬虫初始化完成
2026-02-14 05:50:53 | INFO     | modules.crawler:search_news:168 - 开始搜索新闻: keyword=300251, days=3
2026-02-14 05:50:55 | INFO     | modules.parser:parse_eastmoney_news:137 - 尝试解析新闻数据，找到 10 条新闻
2026-02-14 05:50:55 | INFO     | modules.parser:parse_eastmoney_news:169 - 成功解析 10 条新闻
2026-02-14 05:50:55 | INFO     | modules.crawler:search_news:214 - 搜索完成，获取到 10 条新闻
2026-02-14 05:50:55 | INFO     | modules.crawler:crawl_stock_full_data:432 - 开始爬取 300251 的完整数据
2026-02-14 05:50:55 | INFO     | modules.crawler:__init__:72 - 爬虫初始化完成
2026-02-14 05:50:55 | INFO     | modules.crawler:__init__:72 - 爬虫初始化完成
2026-02-14 05:50:55 | INFO     | modules.crawler:search_news:168 - 开始搜索新闻: keyword=光线传媒, days=7
2026-02-14 05:50:57 | INFO     | modules.parser:parse_eastmoney_news:137 - 尝试解析新闻数据，找到 10 条新闻
2026-02-14 05:50:57 | INFO     | modules.parser:parse_eastmoney_news:169 - 成功解析 10 条新闻
2026-02-14 05:50:57 | INFO     | modules.crawler:search_news:214 - 搜索完成，获取到 10 条新闻
2026-02-14 05:50:57 | INFO     | modules.parser:parse_events:399 - 从 10 条新闻中提取 0 条事件
2026-02-14 05:50:57 | INFO     | modules.crawler:get_fund_flow:266 - 获取资金流向: 300251, days=7
2026-02-14 05:50:58 | INFO     | modules.parser:parse_eastmoney_funds:251 - 成功解析 1 条资金流向数据
2026-02-14 05:50:58 | INFO     | modules.crawler:get_fund_flow:286 - 获取资金流向完成: 1 条
2026-02-14 05:50:58 | INFO     | modules.crawler:crawl_stock_full_data:462 - 数据爬取完成: 新闻10条, 资金1条, 事件0条
2026-02-14 05:57:25 | INFO     | modules.crawler:__init__:72 - 爬虫初始化完成
2026-02-14 05:57:25 | INFO     | modules.crawler:search_news:168 - 开始搜索新闻: keyword=300251, days=7
2026-02-14 05:57:26 | INFO     | modules.parser:parse_eastmoney_news:137 - 尝试解析新闻数据，找到 10 条新闻
2026-02-14 05:57:26 | INFO     | modules.parser:parse_eastmoney_news:169 - 成功解析 10 条新闻
2026-02-14 05:57:26 | INFO     | modules.crawler:search_news:214 - 搜索完成，获取到 10 条新闻
2026-02-14 05:57:26 | INFO     | modules.crawler:__init__:72 - 爬虫初始化完成
2026-02-14 05:57:26 | INFO     | modules.crawler:get_fund_flow:266 - 获取资金流向: 300251, days=5
2026-02-14 05:57:29 | INFO     | modules.parser:parse_eastmoney_funds:251 - 成功解析 1 条资金流向数据
2026-02-14 05:57:29 | INFO     | modules.crawler:get_fund_flow:286 - 获取资金流向完成: 1 条
2026-02-14 05:57:29 | INFO     | modules.crawler:__init__:72 - 爬虫初始化完成
2026-02-14 05:57:29 | INFO     | modules.crawler:search_news:168 - 开始搜索新闻: keyword=300251, days=3
2026-02-14 05:57:30 | INFO     | modules.parser:parse_eastmoney_news:137 - 尝试解析新闻数据，找到 10 条新闻
2026-02-14 05:57:30 | INFO     | modules.parser:parse_eastmoney_news:169 - 成功解析 10 条新闻
2026-02-14 05:57:30 | INFO     | modules.crawler:search_news:214 - 搜索完成，获取到 10 条新闻
2026-02-14 05:57:30 | INFO     | modules.crawler:crawl_stock_full_data:432 - 开始爬取 300251 的完整数据
2026-02-14 05:57:30 | INFO     | modules.crawler:__init__:72 - 爬虫初始化完成
2026-02-14 05:57:30 | INFO     | modules.crawler:__init__:72 - 爬虫初始化完成
2026-02-14 05:57:30 | INFO     | modules.crawler:search_news:168 - 开始搜索新闻: keyword=光线传媒, days=7
2026-02-14 05:57:32 | INFO     | modules.parser:parse_eastmoney_news:137 - 尝试解析新闻数据，找到 10 条新闻
2026-02-14 05:57:32 | INFO     | modules.parser:parse_eastmoney_news:169 - 成功解析 10 条新闻
2026-02-14 05:57:32 | INFO     | modules.crawler:search_news:214 - 搜索完成，获取到 10 条新闻
2026-02-14 05:57:32 | INFO     | modules.parser:parse_events:399 - 从 10 条新闻中提取 0 条事件
2026-02-14 05:57:32 | INFO     | modules.crawler:get_fund_flow:266 - 获取资金流向: 300251, days=7
2026-02-14 05:57:34 | INFO     | modules.parser:parse_eastmoney_funds:251 - 成功解析 1 条资金流向数据
2026-02-14 05:57:34 | INFO     | modules.crawler:get_fund_flow:286 - 获取资金流向完成: 1 条
2026-02-14 05:57:34 | INFO     | modules.crawler:crawl_stock_full_data:462 - 数据爬取完成: 新闻10条, 资金1条, 事件0条
2026-02-14 06:00:38 | INFO     | modules.crawler:__init__:72 - 爬虫初始化完成
2026-02-14 06:00:38 | INFO     | modules.crawler:search_news:168 - 开始搜索新闻: keyword=300251, days=7
2026-02-14 06:00:41 | INFO     | modules.parser:parse_eastmoney_news:137 - 尝试解析新闻数据，找到 10 条新闻
2026-02-14 06:00:41 | INFO     | modules.parser:parse_eastmoney_news:169 - 成功解析 10 条新闻
2026-02-14 06:00:41 | INFO     | modules.crawler:search_news:214 - 搜索完成，获取到 10 条新闻
2026-02-14 06:00:41 | INFO     | modules.crawler:__init__:72 - 爬虫初始化完成
2026-02-14 06:00:41 | INFO     | modules.crawler:get_fund_flow:266 - 获取资金流向: 300251, days=5
2026-02-14 06:00:42 | INFO     | modules.parser:parse_eastmoney_funds:251 - 成功解析 1 条资金流向数据
2026-02-14 06:00:42 | INFO     | modules.crawler:get_fund_flow:286 - 获取资金流向完成: 1 条
2026-02-14 06:00:42 | INFO     | modules.crawler:__init__:72 - 爬虫初始化完成
2026-02-14 06:00:42 | INFO     | modules.crawler:search_news:168 - 开始搜索新闻: keyword=300251, days=3
2026-02-14 06:00:44 | INFO     | modules.parser:parse_eastmoney_news:137 - 尝试解析新闻数据，找到 10 条新闻
2026-02-14 06:00:44 | INFO     | modules.parser:parse_eastmoney_news:169 - 成功解析 10 条新闻
2026-02-14 06:00:44 | INFO     | modules.crawler:search_news:214 - 搜索完成，获取到 10 条新闻
2026-02-14 06:00:44 | INFO     | modules.crawler:crawl_stock_full_data:432 - 开始爬取 300251 的完整数据
2026-02-14 06:00:44 | INFO     | modules.crawler:__init__:72 - 爬虫初始化完成
2026-02-14 06:00:44 | INFO     | modules.crawler:__init__:72 - 爬虫初始化完成
2026-02-14 06:00:44 | INFO     | modules.crawler:search_news:168 - 开始搜索新闻: keyword=光线传媒, days=7
2026-02-14 06:00:46 | INFO     | modules.parser:parse_eastmoney_news:137 - 尝试解析新闻数据，找到 10 条新闻
2026-02-14 06:00:46 | INFO     | modules.parser:parse_eastmoney_news:169 - 成功解析 10 条新闻
2026-02-14 06:00:46 | INFO     | modules.crawler:search_news:214 - 搜索完成，获取到 10 条新闻
2026-02-14 06:00:46 | INFO     | modules.parser:parse_events:399 - 从 10 条新闻中提取 0 条事件
2026-02-14 06:00:46 | INFO     | modules.crawler:get_fund_flow:266 - 获取资金流向: 300251, days=7
2026-02-14 06:00:47 | INFO     | modules.parser:parse_eastmoney_funds:251 - 成功解析 1 条资金流向数据
2026-02-14 06:00:47 | INFO     | modules.crawler:get_fund_flow:286 - 获取资金流向完成: 1 条
2026-02-14 06:00:47 | INFO     | modules.crawler:crawl_stock_full_data:462 - 数据爬取完成: 新闻10条, 资金1条, 事件0条
2026-02-14 06:02:53 | INFO     | modules.crawler:__init__:72 - 爬虫初始化完成
2026-02-14 06:02:53 | INFO     | modules.crawler:search_news:168 - 开始搜索新闻: keyword=300251, days=7
2026-02-14 06:02:56 | INFO     | modules.parser:parse_eastmoney_news:137 - 尝试解析新闻数据，找到 10 条新闻
2026-02-14 06:02:56 | INFO     | modules.parser:parse_eastmoney_news:169 - 成功解析 10 条新闻
2026-02-14 06:02:56 | INFO     | modules.crawler:search_news:214 - 搜索完成，获取到 10 条新闻
2026-02-14 06:02:56 | INFO     | modules.crawler:__init__:72 - 爬虫初始化完成
2026-02-14 06:02:56 | INFO     | modules.crawler:get_fund_flow:266 - 获取资金流向: 300251, days=5
2026-02-14 06:02:57 | INFO     | modules.parser:parse_eastmoney_funds:251 - 成功解析 1 条资金流向数据
2026-02-14 06:02:57 | INFO     | modules.crawler:get_fund_flow:286 - 获取资金流向完成: 1 条
2026-02-14 06:02:57 | INFO     | modules.crawler:__init__:72 - 爬虫初始化完成
2026-02-14 06:02:57 | INFO     | modules.crawler:search_news:168 - 开始搜索新闻: keyword=300251, days=3
2026-02-14 06:03:00 | INFO     | modules.parser:parse_eastmoney_news:137 - 尝试解析新闻数据，找到 10 条新闻
2026-02-14 06:03:00 | INFO     | modules.parser:parse_eastmoney_news:169 - 成功解析 10 条新闻
2026-02-14 06:03:00 | INFO     | modules.crawler:search_news:214 - 搜索完成，获取到 10 条新闻
2026-02-14 06:03:00 | INFO     | modules.crawler:crawl_stock_full_data:432 - 开始爬取 300251 的完整数据
2026-02-14 06:03:00 | INFO     | modules.crawler:__init__:72 - 爬虫初始化完成
2026-02-14 06:03:00 | INFO     | modules.crawler:__init__:72 - 爬虫初始化完成
2026-02-14 06:03:00 | INFO     | modules.crawler:search_news:168 - 开始搜索新闻: keyword=光线传媒, days=7
2026-02-14 06:03:02 | INFO     | modules.parser:parse_eastmoney_news:137 - 尝试解析新闻数据，找到 10 条新闻
2026-02-14 06:03:02 | INFO     | modules.parser:parse_eastmoney_news:169 - 成功解析 10 条新闻
2026-02-14 06:03:02 | INFO     | modules.crawler:search_news:214 - 搜索完成，获取到 10 条新闻
2026-02-14 06:03:02 | INFO     | modules.parser:parse_events:399 - 从 10 条新闻中提取 0 条事件
2026-02-14 06:03:02 | INFO     | modules.crawler:get_fund_flow:266 - 获取资金流向: 300251, days=7
2026-02-14 06:03:04 | INFO     | modules.parser:parse_eastmoney_funds:251 - 成功解析 1 条资金流向数据
2026-02-14 06:03:04 | INFO     | modules.crawler:get_fund_flow:286 - 获取资金流向完成: 1 条
2026-02-14 06:03:04 | INFO     | modules.crawler:crawl_stock_full_data:462 - 数据爬取完成: 新闻10条, 资金1条, 事件0条
2026-02-14 06:24:31 | INFO     | modules.crawler:__init__:72 - 爬虫初始化完成
2026-02-14 06:24:31 | INFO     | modules.crawler:search_news:168 - 开始搜索新闻: keyword=300251, days=7
2026-02-14 06:24:33 | INFO     | modules.parser:parse_eastmoney_news:137 - 尝试解析新闻数据，找到 10 条新闻
2026-02-14 06:24:33 | INFO     | modules.parser:parse_eastmoney_news:169 - 成功解析 10 条新闻
2026-02-14 06:24:33 | INFO     | modules.crawler:search_news:214 - 搜索完成，获取到 10 条新闻
2026-02-14 06:24:33 | INFO     | modules.crawler:__init__:72 - 爬虫初始化完成
2026-02-14 06:24:33 | INFO     | modules.crawler:get_fund_flow:266 - 获取资金流向: 300251, days=5
2026-02-14 06:24:34 | INFO     | modules.parser:parse_eastmoney_funds:251 - 成功解析 1 条资金流向数据
2026-02-14 06:24:34 | INFO     | modules.crawler:get_fund_flow:286 - 获取资金流向完成: 1 条
2026-02-14 06:24:34 | INFO     | modules.crawler:__init__:72 - 爬虫初始化完成
2026-02-14 06:24:34 | INFO     | modules.crawler:search_news:168 - 开始搜索新闻: keyword=300251, days=3
2026-02-14 06:24:36 | INFO     | modules.parser:parse_eastmoney_news:137 - 尝试解析新闻数据，找到 10 条新闻
2026-02-14 06:24:36 | INFO     | modules.parser:parse_eastmoney_news:169 - 成功解析 10 条新闻
2026-02-14 06:24:36 | INFO     | modules.crawler:search_news:214 - 搜索完成，获取到 10 条新闻
2026-02-14 06:24:36 | INFO     | modules.crawler:crawl_stock_full_data:432 - 开始爬取 300251 的完整数据
2026-02-14 06:24:36 | INFO     | modules.crawler:__init__:72 - 爬虫初始化完成
2026-02-14 06:24:36 | INFO     | modules.crawler:__init__:72 - 爬虫初始化完成
2026-02-14 06:24:36 | INFO     | modules.crawler:search_news:168 - 开始搜索新闻: keyword=光线传媒, days=7
2026-02-14 06:24:38 | INFO     | modules.parser:parse_eastmoney_news:137 - 尝试解析新闻数据，找到 10 条新闻
2026-02-14 06:24:38 | INFO     | modules.parser:parse_eastmoney_news:169 - 成功解析 10 条新闻
2026-02-14 06:24:38 | INFO     | modules.crawler:search_news:214 - 搜索完成，获取到 10 条新闻
2026-02-14 06:24:38 | INFO     | modules.parser:parse_events:399 - 从 10 条新闻中提取 0 条事件
2026-02-14 06:24:38 | INFO     | modules.crawler:get_fund_flow:266 - 获取资金流向: 300251, days=7
2026-02-14 06:24:40 | INFO     | modules.parser:parse_eastmoney_funds:251 - 成功解析 1 条资金流向数据
2026-02-14 06:24:40 | INFO     | modules.crawler:get_fund_flow:286 - 获取资金流向完成: 1 条
2026-02-14 06:24:40 | INFO     | modules.crawler:crawl_stock_full_data:462 - 数据爬取完成: 新闻10条, 资金1条, 事件0条
2026-02-14 06:26:02 | INFO     | modules.crawler:__init__:72 - 爬虫初始化完成
2026-02-14 06:26:02 | INFO     | modules.crawler:search_news:168 - 开始搜索新闻: keyword=300251, days=7
2026-02-14 06:26:04 | INFO     | modules.parser:parse_eastmoney_news:137 - 尝试解析新闻数据，找到 10 条新闻
2026-02-14 06:26:04 | INFO     | modules.parser:parse_eastmoney_news:169 - 成功解析 10 条新闻
2026-02-14 06:26:04 | INFO     | modules.crawler:search_news:214 - 搜索完成，获取到 10 条新闻
2026-02-14 06:26:04 | INFO     | modules.crawler:__init__:72 - 爬虫初始化完成
2026-02-14 06:26:04 | INFO     | modules.crawler:get_fund_flow:266 - 获取资金流向: 300251, days=5
2026-02-14 06:26:06 | INFO     | modules.parser:parse_eastmoney_funds:251 - 成功解析 1 条资金流向数据
2026-02-14 06:26:06 | INFO     | modules.crawler:get_fund_flow:286 - 获取资金流向完成: 1 条
2026-02-14 06:26:06 | INFO     | modules.crawler:__init__:72 - 爬虫初始化完成
2026-02-14 06:26:06 | INFO     | modules.crawler:search_news:168 - 开始搜索新闻: keyword=300251, days=3
2026-02-14 06:26:08 | INFO     | modules.parser:parse_eastmoney_news:137 - 尝试解析新闻数据，找到 10 条新闻
2026-02-14 06:26:08 | INFO     | modules.parser:parse_eastmoney_news:169 - 成功解析 10 条新闻
2026-02-14 06:26:08 | INFO     | modules.crawler:search_news:214 - 搜索完成，获取到 10 条新闻
2026-02-14 06:26:08 | INFO     | modules.crawler:crawl_stock_full_data:432 - 开始爬取 300251 的完整数据
2026-02-14 06:26:08 | INFO     | modules.crawler:__init__:72 - 爬虫初始化完成
2026-02-14 06:26:08 | INFO     | modules.crawler:__init__:72 - 爬虫初始化完成
2026-02-14 06:26:08 | INFO     | modules.crawler:search_news:168 - 开始搜索新闻: keyword=光线传媒, days=7
2026-02-14 06:26:10 | INFO     | modules.parser:parse_eastmoney_news:137 - 尝试解析新闻数据，找到 10 条新闻
2026-02-14 06:26:10 | INFO     | modules.parser:parse_eastmoney_news:169 - 成功解析 10 条新闻
2026-02-14 06:26:10 | INFO     | modules.crawler:search_news:214 - 搜索完成，获取到 10 条新闻
2026-02-14 06:26:10 | INFO     | modules.parser:parse_events:399 - 从 10 条新闻中提取 0 条事件
2026-02-14 06:26:10 | INFO     | modules.crawler:get_fund_flow:266 - 获取资金流向: 300251, days=7
2026-02-14 06:26:12 | INFO     | modules.parser:parse_eastmoney_funds:251 - 成功解析 1 条资金流向数据
2026-02-14 06:26:12 | INFO     | modules.crawler:get_fund_flow:286 - 获取资金流向完成: 1 条
2026-02-14 06:26:12 | INFO     | modules.crawler:crawl_stock_full_data:462 - 数据爬取完成: 新闻10条, 资金1条, 事件0条
2026-02-14 06:31:09 | INFO     | modules.crawler:__init__:72 - 爬虫初始化完成
2026-02-14 06:31:09 | INFO     | modules.crawler:search_news:168 - 开始搜索新闻: keyword=300251, days=7
2026-02-14 06:31:11 | INFO     | modules.parser:parse_eastmoney_news:137 - 尝试解析新闻数据，找到 10 条新闻
2026-02-14 06:31:11 | INFO     | modules.parser:parse_eastmoney_news:169 - 成功解析 10 条新闻
2026-02-14 06:31:11 | INFO     | modules.crawler:search_news:214 - 搜索完成，获取到 10 条新闻
2026-02-14 06:31:11 | INFO     | modules.crawler:__init__:72 - 爬虫初始化完成
2026-02-14 06:31:11 | INFO     | modules.crawler:get_fund_flow:266 - 获取资金流向: 300251, days=5
2026-02-14 06:31:13 | INFO     | modules.parser:parse_eastmoney_funds:251 - 成功解析 1 条资金流向数据
2026-02-14 06:31:13 | INFO     | modules.crawler:get_fund_flow:286 - 获取资金流向完成: 1 条
2026-02-14 06:31:13 | INFO     | modules.crawler:__init__:72 - 爬虫初始化完成
2026-02-14 06:31:13 | INFO     | modules.crawler:search_news:168 - 开始搜索新闻: keyword=300251, days=3
2026-02-14 06:31:15 | INFO     | modules.parser:parse_eastmoney_news:137 - 尝试解析新闻数据，找到 10 条新闻
2026-02-14 06:31:15 | INFO     | modules.parser:parse_eastmoney_news:169 - 成功解析 10 条新闻
2026-02-14 06:31:15 | INFO     | modules.crawler:search_news:214 - 搜索完成，获取到 10 条新闻
2026-02-14 06:31:15 | INFO     | modules.crawler:crawl_stock_full_data:432 - 开始爬取 300251 的完整数据
2026-02-14 06:31:15 | INFO     | modules.crawler:__init__:72 - 爬虫初始化完成
2026-02-14 06:31:15 | INFO     | modules.crawler:__init__:72 - 爬虫初始化完成
2026-02-14 06:31:15 | INFO     | modules.crawler:search_news:168 - 开始搜索新闻: keyword=光线传媒, days=7
2026-02-14 06:31:17 | INFO     | modules.parser:parse_eastmoney_news:137 - 尝试解析新闻数据，找到 10 条新闻
2026-02-14 06:31:17 | INFO     | modules.parser:parse_eastmoney_news:169 - 成功解析 10 条新闻
2026-02-14 06:31:17 | INFO     | modules.crawler:search_news:214 - 搜索完成，获取到 10 条新闻
2026-02-14 06:31:17 | ERROR    | modules.crawler:crawl_stock_full_data:454 - 获取新闻失败: No module named 'modules'
2026-02-14 06:31:17 | INFO     | modules.crawler:get_fund_flow:266 - 获取资金流向: 300251, days=7
2026-02-14 06:31:19 | INFO     | modules.parser:parse_eastmoney_funds:251 - 成功解析 1 条资金流向数据
2026-02-14 06:31:19 | INFO     | modules.crawler:get_fund_flow:286 - 获取资金流向完成: 1 条
2026-02-14 06:31:19 | INFO     | modules.crawler:crawl_stock_full_data:462 - 数据爬取完成: 新闻10条, 资金1条, 事件0条
2026-02-14 06:33:19 | INFO     | modules.crawler:__init__:72 - 爬虫初始化完成
2026-02-14 06:33:19 | INFO     | modules.crawler:search_news:168 - 开始搜索新闻: keyword=300251, days=7
2026-02-14 06:33:21 | INFO     | modules.parser:parse_eastmoney_news:137 - 尝试解析新闻数据，找到 10 条新闻
2026-02-14 06:33:21 | INFO     | modules.parser:parse_eastmoney_news:169 - 成功解析 10 条新闻
2026-02-14 06:33:21 | INFO     | modules.crawler:search_news:214 - 搜索完成，获取到 10 条新闻
2026-02-14 06:33:21 | INFO     | modules.crawler:__init__:72 - 爬虫初始化完成
2026-02-14 06:33:21 | INFO     | modules.crawler:get_fund_flow:266 - 获取资金流向: 300251, days=5
2026-02-14 06:33:23 | INFO     | modules.parser:parse_eastmoney_funds:251 - 成功解析 1 条资金流向数据
2026-02-14 06:33:23 | INFO     | modules.crawler:get_fund_flow:286 - 获取资金流向完成: 1 条
2026-02-14 06:33:23 | INFO     | modules.crawler:__init__:72 - 爬虫初始化完成
2026-02-14 06:33:23 | INFO     | modules.crawler:search_news:168 - 开始搜索新闻: keyword=300251, days=3
2026-02-14 06:33:25 | INFO     | modules.parser:parse_eastmoney_news:137 - 尝试解析新闻数据，找到 10 条新闻
2026-02-14 06:33:25 | INFO     | modules.parser:parse_eastmoney_news:169 - 成功解析 10 条新闻
2026-02-14 06:33:25 | INFO     | modules.crawler:search_news:214 - 搜索完成，获取到 10 条新闻
2026-02-14 06:33:25 | INFO     | modules.crawler:crawl_stock_full_data:432 - 开始爬取 300251 的完整数据
2026-02-14 06:33:25 | INFO     | modules.crawler:__init__:72 - 爬虫初始化完成
2026-02-14 06:33:25 | INFO     | modules.crawler:__init__:72 - 爬虫初始化完成
2026-02-14 06:33:25 | INFO     | modules.crawler:search_news:168 - 开始搜索新闻: keyword=光线传媒, days=7
2026-02-14 06:33:27 | INFO     | modules.parser:parse_eastmoney_news:137 - 尝试解析新闻数据，找到 10 条新闻
2026-02-14 06:33:27 | INFO     | modules.parser:parse_eastmoney_news:169 - 成功解析 10 条新闻
2026-02-14 06:33:27 | INFO     | modules.crawler:search_news:214 - 搜索完成，获取到 10 条新闻
2026-02-14 06:33:27 | INFO     | modules.parser:parse_events:399 - 从 10 条新闻中提取 0 条事件
2026-02-14 06:33:27 | INFO     | modules.crawler:get_fund_flow:266 - 获取资金流向: 300251, days=7
2026-02-14 06:33:29 | INFO     | modules.parser:parse_eastmoney_funds:251 - 成功解析 1 条资金流向数据
2026-02-14 06:33:29 | INFO     | modules.crawler:get_fund_flow:286 - 获取资金流向完成: 1 条
2026-02-14 06:33:29 | INFO     | modules.crawler:crawl_stock_full_data:462 - 数据爬取完成: 新闻10条, 资金1条, 事件0条
2026-02-14 06:54:48 | INFO     | modules.crawler:__init__:72 - 爬虫初始化完成
2026-02-14 06:54:48 | INFO     | modules.crawler:search_news:168 - 开始搜索新闻: keyword=300251, days=7
2026-02-14 06:54:49 | INFO     | modules.parser:parse_eastmoney_news:137 - 尝试解析新闻数据，找到 10 条新闻
2026-02-14 06:54:49 | INFO     | modules.parser:parse_eastmoney_news:169 - 成功解析 10 条新闻
2026-02-14 06:54:49 | INFO     | modules.crawler:search_news:214 - 搜索完成，获取到 10 条新闻
2026-02-14 06:54:49 | INFO     | modules.crawler:__init__:72 - 爬虫初始化完成
2026-02-14 06:54:49 | INFO     | modules.crawler:get_fund_flow:266 - 获取资金流向: 300251, days=5
2026-02-14 06:54:51 | INFO     | modules.parser:parse_eastmoney_funds:251 - 成功解析 1 条资金流向数据
2026-02-14 06:54:51 | INFO     | modules.crawler:get_fund_flow:286 - 获取资金流向完成: 1 条
2026-02-14 06:54:51 | INFO     | modules.crawler:__init__:72 - 爬虫初始化完成
2026-02-14 06:54:51 | INFO     | modules.crawler:search_news:168 - 开始搜索新闻: keyword=300251, days=3
2026-02-14 06:54:53 | INFO     | modules.parser:parse_eastmoney_news:137 - 尝试解析新闻数据，找到 10 条新闻
2026-02-14 06:54:53 | INFO     | modules.parser:parse_eastmoney_news:169 - 成功解析 10 条新闻
2026-02-14 06:54:53 | INFO     | modules.crawler:search_news:214 - 搜索完成，获取到 10 条新闻
2026-02-14 06:54:53 | INFO     | modules.crawler:crawl_stock_full_data:432 - 开始爬取 300251 的完整数据
2026-02-14 06:54:53 | INFO     | modules.crawler:__init__:72 - 爬虫初始化完成
2026-02-14 06:54:53 | INFO     | modules.crawler:__init__:72 - 爬虫初始化完成
2026-02-14 06:54:53 | INFO     | modules.crawler:search_news:168 - 开始搜索新闻: keyword=光线传媒, days=7
2026-02-14 06:54:54 | INFO     | modules.parser:parse_eastmoney_news:137 - 尝试解析新闻数据，找到 10 条新闻
2026-02-14 06:54:54 | INFO     | modules.parser:parse_eastmoney_news:169 - 成功解析 10 条新闻
2026-02-14 06:54:54 | INFO     | modules.crawler:search_news:214 - 搜索完成，获取到 10 条新闻
2026-02-14 06:54:54 | INFO     | modules.parser:parse_events:399 - 从 10 条新闻中提取 0 条事件
2026-02-14 06:54:54 | INFO     | modules.crawler:get_fund_flow:266 - 获取资金流向: 300251, days=7
2026-02-14 06:54:57 | INFO     | modules.parser:parse_eastmoney_funds:251 - 成功解析 1 条资金流向数据
2026-02-14 06:54:57 | INFO     | modules.crawler:get_fund_flow:286 - 获取资金流向完成: 1 条
2026-02-14 06:54:57 | INFO     | modules.crawler:crawl_stock_full_data:462 - 数据爬取完成: 新闻10条, 资金1条, 事件0条
2026-02-14 06:56:04 | INFO     | modules.crawler:__init__:72 - 爬虫初始化完成
2026-02-14 06:56:04 | INFO     | modules.crawler:search_news:168 - 开始搜索新闻: keyword=300251, days=7
2026-02-14 06:56:06 | INFO     | modules.parser:parse_eastmoney_news:137 - 尝试解析新闻数据，找到 10 条新闻
2026-02-14 06:56:06 | INFO     | modules.parser:parse_eastmoney_news:169 - 成功解析 10 条新闻
2026-02-14 06:56:06 | INFO     | modules.crawler:search_news:214 - 搜索完成，获取到 10 条新闻
2026-02-14 06:56:06 | INFO     | modules.crawler:__init__:72 - 爬虫初始化完成
2026-02-14 06:56:06 | INFO     | modules.crawler:get_fund_flow:266 - 获取资金流向: 300251, days=5
2026-02-14 06:56:08 | INFO     | modules.parser:parse_eastmoney_funds:251 - 成功解析 1 条资金流向数据
2026-02-14 06:56:08 | INFO     | modules.crawler:get_fund_flow:286 - 获取资金流向完成: 1 条
2026-02-14 06:56:08 | INFO     | modules.crawler:__init__:72 - 爬虫初始化完成
2026-02-14 06:56:08 | INFO     | modules.crawler:search_news:168 - 开始搜索新闻: keyword=300251, days=3
2026-02-14 06:56:11 | INFO     | modules.parser:parse_eastmoney_news:137 - 尝试解析新闻数据，找到 10 条新闻
2026-02-14 06:56:11 | INFO     | modules.parser:parse_eastmoney_news:169 - 成功解析 10 条新闻
2026-02-14 06:56:11 | INFO     | modules.crawler:search_news:214 - 搜索完成，获取到 10 条新闻
2026-02-14 06:56:11 | INFO     | modules.crawler:crawl_stock_full_data:432 - 开始爬取 300251 的完整数据
2026-02-14 06:56:11 | INFO     | modules.crawler:__init__:72 - 爬虫初始化完成
2026-02-14 06:56:11 | INFO     | modules.crawler:__init__:72 - 爬虫初始化完成
2026-02-14 06:56:11 | INFO     | modules.crawler:search_news:168 - 开始搜索新闻: keyword=光线传媒, days=7
2026-02-14 06:56:12 | INFO     | modules.parser:parse_eastmoney_news:137 - 尝试解析新闻数据，找到 10 条新闻
2026-02-14 06:56:12 | INFO     | modules.parser:parse_eastmoney_news:169 - 成功解析 10 条新闻
2026-02-14 06:56:12 | INFO     | modules.crawler:search_news:214 - 搜索完成，获取到 10 条新闻
2026-02-14 06:56:12 | INFO     | modules.parser:parse_events:399 - 从 10 条新闻中提取 0 条事件
2026-02-14 06:56:12 | INFO     | modules.crawler:get_fund_flow:266 - 获取资金流向: 300251, days=7
2026-02-14 06:56:14 | INFO     | modules.parser:parse_eastmoney_funds:251 - 成功解析 1 条资金流向数据
2026-02-14 06:56:14 | INFO     | modules.crawler:get_fund_flow:286 - 获取资金流向完成: 1 条
2026-02-14 06:56:14 | INFO     | modules.crawler:crawl_stock_full_data:462 - 数据爬取完成: 新闻10条, 资金1条, 事件0条
2026-02-14 07:02:21 | INFO     | modules.crawler:__init__:72 - 爬虫初始化完成
2026-02-14 07:02:21 | INFO     | modules.crawler:search_news:168 - 开始搜索新闻: keyword=300251, days=7
2026-02-14 07:02:24 | INFO     | modules.parser:parse_eastmoney_news:137 - 尝试解析新闻数据，找到 10 条新闻
2026-02-14 07:02:24 | INFO     | modules.parser:parse_eastmoney_news:169 - 成功解析 10 条新闻
2026-02-14 07:02:24 | INFO     | modules.crawler:search_news:214 - 搜索完成，获取到 10 条新闻
2026-02-14 07:02:24 | INFO     | modules.crawler:__init__:72 - 爬虫初始化完成
2026-02-14 07:02:24 | INFO     | modules.crawler:get_fund_flow:266 - 获取资金流向: 300251, days=5
2026-02-14 07:02:26 | INFO     | modules.parser:parse_eastmoney_funds:251 - 成功解析 1 条资金流向数据
2026-02-14 07:02:26 | INFO     | modules.crawler:get_fund_flow:286 - 获取资金流向完成: 1 条
2026-02-14 07:02:26 | INFO     | modules.crawler:__init__:72 - 爬虫初始化完成
2026-02-14 07:02:26 | INFO     | modules.crawler:search_news:168 - 开始搜索新闻: keyword=300251, days=3
2026-02-14 07:02:28 | INFO     | modules.parser:parse_eastmoney_news:137 - 尝试解析新闻数据，找到 10 条新闻
2026-02-14 07:02:28 | INFO     | modules.parser:parse_eastmoney_news:169 - 成功解析 10 条新闻
2026-02-14 07:02:28 | INFO     | modules.crawler:search_news:214 - 搜索完成，获取到 10 条新闻
2026-02-14 07:02:28 | INFO     | modules.crawler:crawl_stock_full_data:432 - 开始爬取 300251 的完整数据
2026-02-14 07:02:28 | INFO     | modules.crawler:__init__:72 - 爬虫初始化完成
2026-02-14 07:02:28 | INFO     | modules.crawler:__init__:72 - 爬虫初始化完成
2026-02-14 07:02:28 | INFO     | modules.crawler:search_news:168 - 开始搜索新闻: keyword=光线传媒, days=7
2026-02-14 07:02:30 | INFO     | modules.parser:parse_eastmoney_news:137 - 尝试解析新闻数据，找到 10 条新闻
2026-02-14 07:02:30 | INFO     | modules.parser:parse_eastmoney_news:169 - 成功解析 10 条新闻
2026-02-14 07:02:30 | INFO     | modules.crawler:search_news:214 - 搜索完成，获取到 10 条新闻
2026-02-14 07:02:30 | INFO     | modules.parser:parse_events:399 - 从 10 条新闻中提取 0 条事件
2026-02-14 07:02:30 | INFO     | modules.crawler:get_fund_flow:266 - 获取资金流向: 300251, days=7
2026-02-14 07:02:33 | INFO     | modules.parser:parse_eastmoney_funds:251 - 成功解析 1 条资金流向数据
2026-02-14 07:02:33 | INFO     | modules.crawler:get_fund_flow:286 - 获取资金流向完成: 1 条
2026-02-14 07:02:33 | INFO     | modules.crawler:crawl_stock_full_data:462 - 数据爬取完成: 新闻10条, 资金1条, 事件0条
2026-02-14 07:04:20 | INFO     | modules.crawler:__init__:72 - 爬虫初始化完成
2026-02-14 07:04:20 | INFO     | modules.crawler:search_news:168 - 开始搜索新闻: keyword=300251, days=7
2026-02-14 07:04:22 | INFO     | modules.parser:parse_eastmoney_news:137 - 尝试解析新闻数据，找到 10 条新闻
2026-02-14 07:04:22 | INFO     | modules.parser:parse_eastmoney_news:169 - 成功解析 10 条新闻
2026-02-14 07:04:22 | INFO     | modules.crawler:search_news:214 - 搜索完成，获取到 10 条新闻
2026-02-14 07:04:22 | INFO     | modules.crawler:__init__:72 - 爬虫初始化完成
2026-02-14 07:04:22 | INFO     | modules.crawler:get_fund_flow:266 - 获取资金流向: 300251, days=5
2026-02-14 07:04:24 | INFO     | modules.parser:parse_eastmoney_funds:251 - 成功解析 1 条资金流向数据
2026-02-14 07:04:24 | INFO     | modules.crawler:get_fund_flow:286 - 获取资金流向完成: 1 条
2026-02-14 07:04:24 | INFO     | modules.crawler:__init__:72 - 爬虫初始化完成
2026-02-14 07:04:24 | INFO     | modules.crawler:search_news:168 - 开始搜索新闻: keyword=300251, days=3
2026-02-14 07:04:26 | INFO     | modules.parser:parse_eastmoney_news:137 - 尝试解析新闻数据，找到 10 条新闻
2026-02-14 07:04:26 | INFO     | modules.parser:parse_eastmoney_news:169 - 成功解析 10 条新闻
2026-02-14 07:04:26 | INFO     | modules.crawler:search_news:214 - 搜索完成，获取到 10 条新闻
2026-02-14 07:04:26 | INFO     | modules.crawler:crawl_stock_full_data:432 - 开始爬取 300251 的完整数据
2026-02-14 07:04:26 | INFO     | modules.crawler:__init__:72 - 爬虫初始化完成
2026-02-14 07:04:26 | INFO     | modules.crawler:__init__:72 - 爬虫初始化完成
2026-02-14 07:04:26 | INFO     | modules.crawler:search_news:168 - 开始搜索新闻: keyword=光线传媒, days=7
2026-02-14 07:04:28 | INFO     | modules.parser:parse_eastmoney_news:137 - 尝试解析新闻数据，找到 10 条新闻
2026-02-14 07:04:28 | INFO     | modules.parser:parse_eastmoney_news:169 - 成功解析 10 条新闻
2026-02-14 07:04:28 | INFO     | modules.crawler:search_news:214 - 搜索完成，获取到 10 条新闻
2026-02-14 07:04:28 | INFO     | modules.parser:parse_events:399 - 从 10 条新闻中提取 0 条事件
2026-02-14 07:04:28 | INFO     | modules.crawler:get_fund_flow:266 - 获取资金流向: 300251, days=7
2026-02-14 07:04:29 | INFO     | modules.parser:parse_eastmoney_funds:251 - 成功解析 1 条资金流向数据
2026-02-14 07:04:29 | INFO     | modules.crawler:get_fund_flow:286 - 获取资金流向完成: 1 条
2026-02-14 07:04:29 | INFO     | modules.crawler:crawl_stock_full_data:462 - 数据爬取完成: 新闻10条, 资金1条, 事件0条
2026-02-14 07:09:58 | INFO     | modules.crawler:__init__:72 - 爬虫初始化完成
2026-02-14 07:09:58 | INFO     | modules.crawler:search_news:168 - 开始搜索新闻: keyword=300251, days=7
2026-02-14 07:09:59 | INFO     | modules.parser:parse_eastmoney_news:137 - 尝试解析新闻数据，找到 10 条新闻
2026-02-14 07:09:59 | INFO     | modules.parser:parse_eastmoney_news:169 - 成功解析 10 条新闻
2026-02-14 07:09:59 | INFO     | modules.crawler:search_news:214 - 搜索完成，获取到 10 条新闻
2026-02-14 07:09:59 | INFO     | modules.crawler:__init__:72 - 爬虫初始化完成
2026-02-14 07:09:59 | INFO     | modules.crawler:get_fund_flow:266 - 获取资金流向: 300251, days=5
2026-02-14 07:10:01 | INFO     | modules.parser:parse_eastmoney_funds:251 - 成功解析 1 条资金流向数据
2026-02-14 07:10:01 | INFO     | modules.crawler:get_fund_flow:286 - 获取资金流向完成: 1 条
2026-02-14 07:10:01 | INFO     | modules.crawler:__init__:72 - 爬虫初始化完成
2026-02-14 07:10:01 | INFO     | modules.crawler:search_news:168 - 开始搜索新闻: keyword=300251, days=3
2026-02-14 07:10:03 | INFO     | modules.parser:parse_eastmoney_news:137 - 尝试解析新闻数据，找到 10 条新闻
2026-02-14 07:10:03 | INFO     | modules.parser:parse_eastmoney_news:169 - 成功解析 10 条新闻
2026-02-14 07:10:03 | INFO     | modules.crawler:search_news:214 - 搜索完成，获取到 10 条新闻
2026-02-14 07:10:03 | INFO     | modules.crawler:crawl_stock_full_data:432 - 开始爬取 300251 的完整数据
2026-02-14 07:10:03 | INFO     | modules.crawler:__init__:72 - 爬虫初始化完成
2026-02-14 07:10:03 | INFO     | modules.crawler:__init__:72 - 爬虫初始化完成
2026-02-14 07:10:03 | INFO     | modules.crawler:search_news:168 - 开始搜索新闻: keyword=光线传媒, days=7
2026-02-14 07:10:04 | INFO     | modules.parser:parse_eastmoney_news:137 - 尝试解析新闻数据，找到 10 条新闻
2026-02-14 07:10:04 | INFO     | modules.parser:parse_eastmoney_news:169 - 成功解析 10 条新闻
2026-02-14 07:10:04 | INFO     | modules.crawler:search_news:214 - 搜索完成，获取到 10 条新闻
2026-02-14 07:10:04 | INFO     | modules.parser:parse_events:399 - 从 10 条新闻中提取 0 条事件
2026-02-14 07:10:04 | INFO     | modules.crawler:get_fund_flow:266 - 获取资金流向: 300251, days=7
2026-02-14 07:10:07 | INFO     | modules.parser:parse_eastmoney_funds:251 - 成功解析 1 条资金流向数据
2026-02-14 07:10:07 | INFO     | modules.crawler:get_fund_flow:286 - 获取资金流向完成: 1 条
2026-02-14 07:10:07 | INFO     | modules.crawler:crawl_stock_full_data:462 - 数据爬取完成: 新闻10条, 资金1条, 事件0条
2026-02-14 07:11:50 | INFO     | modules.crawler:__init__:72 - 爬虫初始化完成
2026-02-14 07:11:50 | INFO     | modules.crawler:search_news:168 - 开始搜索新闻: keyword=300251, days=7
2026-02-14 07:11:52 | INFO     | modules.parser:parse_eastmoney_news:137 - 尝试解析新闻数据，找到 10 条新闻
2026-02-14 07:11:52 | INFO     | modules.parser:parse_eastmoney_news:169 - 成功解析 10 条新闻
2026-02-14 07:11:52 | INFO     | modules.crawler:search_news:214 - 搜索完成，获取到 10 条新闻
2026-02-14 07:11:52 | INFO     | modules.crawler:__init__:72 - 爬虫初始化完成
2026-02-14 07:11:52 | INFO     | modules.crawler:get_fund_flow:266 - 获取资金流向: 300251, days=5
2026-02-14 07:11:54 | INFO     | modules.parser:parse_eastmoney_funds:251 - 成功解析 1 条资金流向数据
2026-02-14 07:11:54 | INFO     | modules.crawler:get_fund_flow:286 - 获取资金流向完成: 1 条
2026-02-14 07:11:54 | INFO     | modules.crawler:__init__:72 - 爬虫初始化完成
2026-02-14 07:11:54 | INFO     | modules.crawler:search_news:168 - 开始搜索新闻: keyword=300251, days=3
2026-02-14 07:11:56 | INFO     | modules.parser:parse_eastmoney_news:137 - 尝试解析新闻数据，找到 10 条新闻
2026-02-14 07:11:56 | INFO     | modules.parser:parse_eastmoney_news:169 - 成功解析 10 条新闻
2026-02-14 07:11:56 | INFO     | modules.crawler:search_news:214 - 搜索完成，获取到 10 条新闻
2026-02-14 07:11:56 | INFO     | modules.crawler:crawl_stock_full_data:432 - 开始爬取 300251 的完整数据
2026-02-14 07:11:56 | INFO     | modules.crawler:__init__:72 - 爬虫初始化完成
2026-02-14 07:11:56 | INFO     | modules.crawler:__init__:72 - 爬虫初始化完成
2026-02-14 07:11:56 | INFO     | modules.crawler:search_news:168 - 开始搜索新闻: keyword=光线传媒, days=7
2026-02-14 07:11:58 | INFO     | modules.parser:parse_eastmoney_news:137 - 尝试解析新闻数据，找到 10 条新闻
2026-02-14 07:11:58 | INFO     | modules.parser:parse_eastmoney_news:169 - 成功解析 10 条新闻
2026-02-14 07:11:58 | INFO     | modules.crawler:search_news:214 - 搜索完成，获取到 10 条新闻
2026-02-14 07:11:58 | INFO     | modules.parser:parse_events:399 - 从 10 条新闻中提取 0 条事件
2026-02-14 07:11:58 | INFO     | modules.crawler:get_fund_flow:266 - 获取资金流向: 300251, days=7
2026-02-14 07:12:00 | INFO     | modules.parser:parse_eastmoney_funds:251 - 成功解析 1 条资金流向数据
2026-02-14 07:12:00 | INFO     | modules.crawler:get_fund_flow:286 - 获取资金流向完成: 1 条
2026-02-14 07:12:00 | INFO     | modules.crawler:crawl_stock_full_data:462 - 数据爬取完成: 新闻10条, 资金1条, 事件0条
2026-02-14 07:15:46 | INFO     | modules.crawler:__init__:72 - 爬虫初始化完成
2026-02-14 07:15:46 | INFO     | modules.crawler:search_news:168 - 开始搜索新闻: keyword=300251, days=7
2026-02-14 07:15:49 | INFO     | modules.parser:parse_eastmoney_news:137 - 尝试解析新闻数据，找到 10 条新闻
2026-02-14 07:15:49 | INFO     | modules.parser:parse_eastmoney_news:169 - 成功解析 10 条新闻
2026-02-14 07:15:49 | INFO     | modules.crawler:search_news:214 - 搜索完成，获取到 10 条新闻
2026-02-14 07:15:49 | INFO     | modules.crawler:__init__:72 - 爬虫初始化完成
2026-02-14 07:15:49 | INFO     | modules.crawler:get_fund_flow:266 - 获取资金流向: 300251, days=5
2026-02-14 07:15:51 | INFO     | modules.parser:parse_eastmoney_funds:251 - 成功解析 1 条资金流向数据
2026-02-14 07:15:51 | INFO     | modules.crawler:get_fund_flow:286 - 获取资金流向完成: 1 条
2026-02-14 07:15:51 | INFO     | modules.crawler:__init__:72 - 爬虫初始化完成
2026-02-14 07:15:51 | INFO     | modules.crawler:search_news:168 - 开始搜索新闻: keyword=300251, days=3
2026-02-14 07:15:53 | INFO     | modules.parser:parse_eastmoney_news:137 - 尝试解析新闻数据，找到 10 条新闻
2026-02-14 07:15:53 | INFO     | modules.parser:parse_eastmoney_news:169 - 成功解析 10 条新闻
2026-02-14 07:15:53 | INFO     | modules.crawler:search_news:214 - 搜索完成，获取到 10 条新闻
2026-02-14 07:15:53 | INFO     | modules.crawler:crawl_stock_full_data:432 - 开始爬取 300251 的完整数据
2026-02-14 07:15:53 | INFO     | modules.crawler:__init__:72 - 爬虫初始化完成
2026-02-14 07:15:53 | INFO     | modules.crawler:__init__:72 - 爬虫初始化完成
2026-02-14 07:15:53 | INFO     | modules.crawler:search_news:168 - 开始搜索新闻: keyword=光线传媒, days=7
2026-02-14 07:15:55 | INFO     | modules.parser:parse_eastmoney_news:137 - 尝试解析新闻数据，找到 10 条新闻
2026-02-14 07:15:55 | INFO     | modules.parser:parse_eastmoney_news:169 - 成功解析 10 条新闻
2026-02-14 07:15:55 | INFO     | modules.crawler:search_news:214 - 搜索完成，获取到 10 条新闻
2026-02-14 07:15:55 | ERROR    | modules.crawler:crawl_stock_full_data:454 - 获取新闻失败: No module named 'modules'
2026-02-14 07:15:55 | INFO     | modules.crawler:get_fund_flow:266 - 获取资金流向: 300251, days=7
2026-02-14 07:15:57 | INFO     | modules.parser:parse_eastmoney_funds:251 - 成功解析 1 条资金流向数据
2026-02-14 07:15:57 | INFO     | modules.crawler:get_fund_flow:286 - 获取资金流向完成: 1 条
2026-02-14 07:15:57 | INFO     | modules.crawler:crawl_stock_full_data:462 - 数据爬取完成: 新闻10条, 资金1条, 事件0条
2026-02-14 07:16:04 | INFO     | modules.crawler:__init__:72 - 爬虫初始化完成
2026-02-14 07:16:04 | INFO     | modules.crawler:search_news:168 - 开始搜索新闻: keyword=300251, days=7
2026-02-14 07:16:06 | INFO     | modules.crawler:__init__:72 - 爬虫初始化完成
2026-02-14 07:16:06 | INFO     | modules.crawler:search_news:168 - 开始搜索新闻: keyword=002498, days=7
2026-02-14 07:16:07 | INFO     | modules.parser:parse_eastmoney_news:137 - 尝试解析新闻数据，找到 10 条新闻
2026-02-14 07:16:07 | INFO     | modules.parser:parse_eastmoney_news:169 - 成功解析 10 条新闻
2026-02-14 07:16:07 | INFO     | modules.crawler:search_news:214 - 搜索完成，获取到 10 条新闻
2026-02-14 07:16:07 | INFO     | modules.crawler:__init__:72 - 爬虫初始化完成
2026-02-14 07:16:07 | INFO     | modules.crawler:get_fund_flow:266 - 获取资金流向: 300251, days=5
2026-02-14 07:16:08 | INFO     | modules.parser:parse_eastmoney_funds:251 - 成功解析 1 条资金流向数据
2026-02-14 07:16:08 | INFO     | modules.crawler:get_fund_flow:286 - 获取资金流向完成: 1 条
2026-02-14 07:16:08 | INFO     | modules.crawler:__init__:72 - 爬虫初始化完成
2026-02-14 07:16:08 | INFO     | modules.crawler:search_news:168 - 开始搜索新闻: keyword=300251, days=3
2026-02-14 07:16:08 | INFO     | modules.parser:parse_eastmoney_news:137 - 尝试解析新闻数据，找到 10 条新闻
2026-02-14 07:16:08 | INFO     | modules.parser:parse_eastmoney_news:169 - 成功解析 10 条新闻
2026-02-14 07:16:08 | INFO     | modules.crawler:search_news:214 - 搜索完成，获取到 6 条新闻
2026-02-14 07:16:08 | INFO     | modules.crawler:__init__:72 - 爬虫初始化完成
2026-02-14 07:16:08 | INFO     | modules.crawler:get_fund_flow:266 - 获取资金流向: 002498, days=5
2026-02-14 07:16:10 | INFO     | modules.parser:parse_eastmoney_funds:251 - 成功解析 1 条资金流向数据
2026-02-14 07:16:10 | INFO     | modules.crawler:get_fund_flow:286 - 获取资金流向完成: 1 条
2026-02-14 07:16:10 | INFO     | modules.crawler:__init__:72 - 爬虫初始化完成
2026-02-14 07:16:10 | INFO     | modules.crawler:search_news:168 - 开始搜索新闻: keyword=002498, days=3
2026-02-14 07:16:10 | INFO     | modules.parser:parse_eastmoney_news:137 - 尝试解析新闻数据，找到 10 条新闻
2026-02-14 07:16:10 | INFO     | modules.parser:parse_eastmoney_news:169 - 成功解析 10 条新闻
2026-02-14 07:16:10 | INFO     | modules.crawler:search_news:214 - 搜索完成，获取到 10 条新闻
2026-02-14 07:16:10 | INFO     | modules.crawler:crawl_stock_full_data:432 - 开始爬取 300251 的完整数据
2026-02-14 07:16:10 | INFO     | modules.crawler:__init__:72 - 爬虫初始化完成
2026-02-14 07:16:10 | INFO     | modules.crawler:__init__:72 - 爬虫初始化完成
2026-02-14 07:16:10 | INFO     | modules.crawler:search_news:168 - 开始搜索新闻: keyword=光线传媒, days=7
2026-02-14 07:16:12 | INFO     | modules.parser:parse_eastmoney_news:137 - 尝试解析新闻数据，找到 10 条新闻
2026-02-14 07:16:12 | INFO     | modules.parser:parse_eastmoney_news:169 - 成功解析 10 条新闻
2026-02-14 07:16:12 | INFO     | modules.crawler:search_news:214 - 搜索完成，获取到 6 条新闻
2026-02-14 07:16:12 | INFO     | modules.crawler:crawl_stock_full_data:432 - 开始爬取 002498 的完整数据
2026-02-14 07:16:12 | INFO     | modules.crawler:__init__:72 - 爬虫初始化完成
2026-02-14 07:16:12 | INFO     | modules.crawler:__init__:72 - 爬虫初始化完成
2026-02-14 07:16:12 | INFO     | modules.crawler:search_news:168 - 开始搜索新闻: keyword=汉缆股份, days=7
2026-02-14 07:16:13 | INFO     | modules.parser:parse_eastmoney_news:137 - 尝试解析新闻数据，找到 10 条新闻
2026-02-14 07:16:13 | INFO     | modules.parser:parse_eastmoney_news:169 - 成功解析 10 条新闻
2026-02-14 07:16:13 | INFO     | modules.crawler:search_news:214 - 搜索完成，获取到 10 条新闻
2026-02-14 07:16:13 | INFO     | modules.parser:parse_events:399 - 从 10 条新闻中提取 0 条事件
2026-02-14 07:16:13 | INFO     | modules.crawler:get_fund_flow:266 - 获取资金流向: 300251, days=7
2026-02-14 07:16:15 | INFO     | modules.parser:parse_eastmoney_funds:251 - 成功解析 1 条资金流向数据
2026-02-14 07:16:15 | INFO     | modules.crawler:get_fund_flow:286 - 获取资金流向完成: 1 条
2026-02-14 07:16:15 | INFO     | modules.crawler:crawl_stock_full_data:462 - 数据爬取完成: 新闻10条, 资金1条, 事件0条
2026-02-14 07:16:15 | INFO     | modules.parser:parse_eastmoney_news:137 - 尝试解析新闻数据，找到 10 条新闻
2026-02-14 07:16:15 | INFO     | modules.parser:parse_eastmoney_news:169 - 成功解析 10 条新闻
2026-02-14 07:16:15 | INFO     | modules.crawler:search_news:214 - 搜索完成，获取到 10 条新闻
2026-02-14 07:16:15 | INFO     | modules.parser:parse_events:399 - 从 10 条新闻中提取 0 条事件
2026-02-14 07:16:15 | INFO     | modules.crawler:get_fund_flow:266 - 获取资金流向: 002498, days=7
2026-02-14 07:16:17 | INFO     | modules.parser:parse_eastmoney_funds:251 - 成功解析 1 条资金流向数据
2026-02-14 07:16:17 | INFO     | modules.crawler:get_fund_flow:286 - 获取资金流向完成: 1 条
2026-02-14 07:16:17 | INFO     | modules.crawler:crawl_stock_full_data:462 - 数据爬取完成: 新闻10条, 资金1条, 事件0条
2026-02-14 07:19:19 | INFO     | modules.crawler:__init__:72 - 爬虫初始化完成
2026-02-14 07:19:19 | INFO     | modules.crawler:search_news:168 - 开始搜索新闻: keyword=002498, days=7
2026-02-14 07:19:21 | INFO     | modules.parser:parse_eastmoney_news:137 - 尝试解析新闻数据，找到 10 条新闻
2026-02-14 07:19:21 | INFO     | modules.parser:parse_eastmoney_news:169 - 成功解析 10 条新闻
2026-02-14 07:19:21 | INFO     | modules.crawler:search_news:214 - 搜索完成，获取到 6 条新闻
2026-02-14 07:19:21 | INFO     | modules.crawler:__init__:72 - 爬虫初始化完成
2026-02-14 07:19:21 | INFO     | modules.crawler:get_fund_flow:266 - 获取资金流向: 002498, days=5
2026-02-14 07:19:23 | INFO     | modules.parser:parse_eastmoney_funds:251 - 成功解析 1 条资金流向数据
2026-02-14 07:19:23 | INFO     | modules.crawler:get_fund_flow:286 - 获取资金流向完成: 1 条
2026-02-14 07:19:23 | INFO     | modules.crawler:__init__:72 - 爬虫初始化完成
2026-02-14 07:19:23 | INFO     | modules.crawler:search_news:168 - 开始搜索新闻: keyword=002498, days=3
2026-02-14 07:19:26 | INFO     | modules.parser:parse_eastmoney_news:137 - 尝试解析新闻数据，找到 10 条新闻
2026-02-14 07:19:26 | INFO     | modules.parser:parse_eastmoney_news:169 - 成功解析 10 条新闻
2026-02-14 07:19:26 | INFO     | modules.crawler:search_news:214 - 搜索完成，获取到 6 条新闻
2026-02-14 07:19:26 | INFO     | modules.crawler:crawl_stock_full_data:432 - 开始爬取 002498 的完整数据
2026-02-14 07:19:26 | INFO     | modules.crawler:__init__:72 - 爬虫初始化完成
2026-02-14 07:19:26 | INFO     | modules.crawler:__init__:72 - 爬虫初始化完成
2026-02-14 07:19:26 | INFO     | modules.crawler:search_news:168 - 开始搜索新闻: keyword=汉缆股份, days=7
2026-02-14 07:19:28 | INFO     | modules.parser:parse_eastmoney_news:137 - 尝试解析新闻数据，找到 10 条新闻
2026-02-14 07:19:28 | INFO     | modules.parser:parse_eastmoney_news:169 - 成功解析 10 条新闻
2026-02-14 07:19:28 | INFO     | modules.crawler:search_news:214 - 搜索完成，获取到 10 条新闻
2026-02-14 07:19:28 | INFO     | modules.parser:parse_events:399 - 从 10 条新闻中提取 0 条事件
2026-02-14 07:19:28 | INFO     | modules.crawler:get_fund_flow:266 - 获取资金流向: 002498, days=7
2026-02-14 07:19:29 | INFO     | modules.parser:parse_eastmoney_funds:251 - 成功解析 1 条资金流向数据
2026-02-14 07:19:29 | INFO     | modules.crawler:get_fund_flow:286 - 获取资金流向完成: 1 条
2026-02-14 07:19:29 | INFO     | modules.crawler:crawl_stock_full_data:462 - 数据爬取完成: 新闻10条, 资金1条, 事件0条
2026-02-14 07:25:10 | INFO     | modules.crawler:__init__:72 - 爬虫初始化完成
2026-02-14 07:25:10 | INFO     | modules.crawler:search_news:168 - 开始搜索新闻: keyword=002498, days=7
2026-02-14 07:25:13 | INFO     | modules.parser:parse_eastmoney_news:137 - 尝试解析新闻数据，找到 10 条新闻
2026-02-14 07:25:13 | INFO     | modules.parser:parse_eastmoney_news:169 - 成功解析 10 条新闻
2026-02-14 07:25:13 | INFO     | modules.crawler:search_news:214 - 搜索完成，获取到 6 条新闻
2026-02-14 07:25:13 | INFO     | modules.crawler:__init__:72 - 爬虫初始化完成
2026-02-14 07:25:13 | INFO     | modules.crawler:get_fund_flow:266 - 获取资金流向: 002498, days=5
2026-02-14 07:25:15 | INFO     | modules.parser:parse_eastmoney_funds:251 - 成功解析 1 条资金流向数据
2026-02-14 07:25:15 | INFO     | modules.crawler:get_fund_flow:286 - 获取资金流向完成: 1 条
2026-02-14 07:25:15 | INFO     | modules.crawler:__init__:72 - 爬虫初始化完成
2026-02-14 07:25:15 | INFO     | modules.crawler:search_news:168 - 开始搜索新闻: keyword=002498, days=3
2026-02-14 07:25:17 | INFO     | modules.parser:parse_eastmoney_news:137 - 尝试解析新闻数据，找到 10 条新闻
2026-02-14 07:25:17 | INFO     | modules.parser:parse_eastmoney_news:169 - 成功解析 10 条新闻
2026-02-14 07:25:17 | INFO     | modules.crawler:search_news:214 - 搜索完成，获取到 6 条新闻
2026-02-14 07:25:17 | INFO     | modules.crawler:crawl_stock_full_data:432 - 开始爬取 002498 的完整数据
2026-02-14 07:25:17 | INFO     | modules.crawler:__init__:72 - 爬虫初始化完成
2026-02-14 07:25:17 | INFO     | modules.crawler:__init__:72 - 爬虫初始化完成
2026-02-14 07:25:17 | INFO     | modules.crawler:search_news:168 - 开始搜索新闻: keyword=汉缆股份, days=7
2026-02-14 07:25:19 | INFO     | modules.parser:parse_eastmoney_news:137 - 尝试解析新闻数据，找到 10 条新闻
2026-02-14 07:25:19 | INFO     | modules.parser:parse_eastmoney_news:169 - 成功解析 10 条新闻
2026-02-14 07:25:19 | INFO     | modules.crawler:search_news:214 - 搜索完成，获取到 10 条新闻
2026-02-14 07:25:19 | ERROR    | modules.crawler:crawl_stock_full_data:454 - 获取新闻失败: No module named 'modules'
2026-02-14 07:25:19 | INFO     | modules.crawler:get_fund_flow:266 - 获取资金流向: 002498, days=7
2026-02-14 07:25:20 | INFO     | modules.parser:parse_eastmoney_funds:251 - 成功解析 1 条资金流向数据
2026-02-14 07:25:20 | INFO     | modules.crawler:get_fund_flow:286 - 获取资金流向完成: 1 条
2026-02-14 07:25:20 | INFO     | modules.crawler:crawl_stock_full_data:462 - 数据爬取完成: 新闻10条, 资金1条, 事件0条
2026-02-14 07:35:12 | INFO     | modules.crawler:__init__:72 - 爬虫初始化完成
2026-02-14 07:35:12 | INFO     | modules.crawler:search_news:168 - 开始搜索新闻: keyword=002498, days=7
2026-02-14 07:35:14 | INFO     | modules.parser:parse_eastmoney_news:137 - 尝试解析新闻数据，找到 10 条新闻
2026-02-14 07:35:14 | INFO     | modules.parser:parse_eastmoney_news:169 - 成功解析 10 条新闻
2026-02-14 07:35:14 | INFO     | modules.crawler:search_news:214 - 搜索完成，获取到 6 条新闻
2026-02-14 07:35:14 | INFO     | modules.crawler:__init__:72 - 爬虫初始化完成
2026-02-14 07:35:14 | INFO     | modules.crawler:get_fund_flow:266 - 获取资金流向: 002498, days=5
2026-02-14 07:35:16 | INFO     | modules.parser:parse_eastmoney_funds:251 - 成功解析 1 条资金流向数据
2026-02-14 07:35:16 | INFO     | modules.crawler:get_fund_flow:286 - 获取资金流向完成: 1 条
2026-02-14 07:35:16 | INFO     | modules.crawler:__init__:72 - 爬虫初始化完成
2026-02-14 07:35:16 | INFO     | modules.crawler:search_news:168 - 开始搜索新闻: keyword=002498, days=3
2026-02-14 07:35:18 | INFO     | modules.parser:parse_eastmoney_news:137 - 尝试解析新闻数据，找到 10 条新闻
2026-02-14 07:35:18 | INFO     | modules.parser:parse_eastmoney_news:169 - 成功解析 10 条新闻
2026-02-14 07:35:18 | INFO     | modules.crawler:search_news:214 - 搜索完成，获取到 6 条新闻
2026-02-14 07:35:18 | INFO     | modules.crawler:crawl_stock_full_data:432 - 开始爬取 002498 的完整数据
2026-02-14 07:35:18 | INFO     | modules.crawler:__init__:72 - 爬虫初始化完成
2026-02-14 07:35:18 | INFO     | modules.crawler:__init__:72 - 爬虫初始化完成
2026-02-14 07:35:18 | INFO     | modules.crawler:search_news:168 - 开始搜索新闻: keyword=汉缆股份, days=7
2026-02-14 07:35:20 | INFO     | modules.parser:parse_eastmoney_news:137 - 尝试解析新闻数据，找到 10 条新闻
2026-02-14 07:35:20 | INFO     | modules.parser:parse_eastmoney_news:169 - 成功解析 10 条新闻
2026-02-14 07:35:20 | INFO     | modules.crawler:search_news:214 - 搜索完成，获取到 10 条新闻
2026-02-14 07:35:20 | INFO     | modules.parser:parse_events:399 - 从 10 条新闻中提取 0 条事件
2026-02-14 07:35:20 | INFO     | modules.crawler:get_fund_flow:266 - 获取资金流向: 002498, days=7
2026-02-14 07:35:22 | INFO     | modules.parser:parse_eastmoney_funds:251 - 成功解析 1 条资金流向数据
2026-02-14 07:35:22 | INFO     | modules.crawler:get_fund_flow:286 - 获取资金流向完成: 1 条
2026-02-14 07:35:22 | INFO     | modules.crawler:crawl_stock_full_data:462 - 数据爬取完成: 新闻10条, 资金1条, 事件0条
2026-02-14 07:38:33 | INFO     | modules.crawler:__init__:72 - 爬虫初始化完成
2026-02-14 07:38:33 | INFO     | modules.crawler:search_news:168 - 开始搜索新闻: keyword=002498, days=7
2026-02-14 07:38:35 | INFO     | modules.parser:parse_eastmoney_news:137 - 尝试解析新闻数据，找到 10 条新闻
2026-02-14 07:38:35 | INFO     | modules.parser:parse_eastmoney_news:169 - 成功解析 10 条新闻
2026-02-14 07:38:35 | INFO     | modules.crawler:search_news:214 - 搜索完成，获取到 6 条新闻
2026-02-14 07:38:35 | INFO     | modules.crawler:__init__:72 - 爬虫初始化完成
2026-02-14 07:38:35 | INFO     | modules.crawler:get_fund_flow:266 - 获取资金流向: 002498, days=5
2026-02-14 07:38:38 | INFO     | modules.parser:parse_eastmoney_funds:251 - 成功解析 1 条资金流向数据
2026-02-14 07:38:38 | INFO     | modules.crawler:get_fund_flow:286 - 获取资金流向完成: 1 条
2026-02-14 07:38:38 | INFO     | modules.crawler:__init__:72 - 爬虫初始化完成
2026-02-14 07:38:38 | INFO     | modules.crawler:search_news:168 - 开始搜索新闻: keyword=002498, days=3
2026-02-14 07:38:39 | INFO     | modules.parser:parse_eastmoney_news:137 - 尝试解析新闻数据，找到 10 条新闻
2026-02-14 07:38:39 | INFO     | modules.parser:parse_eastmoney_news:169 - 成功解析 10 条新闻
2026-02-14 07:38:39 | INFO     | modules.crawler:search_news:214 - 搜索完成，获取到 6 条新闻
2026-02-14 07:38:39 | INFO     | modules.crawler:crawl_stock_full_data:432 - 开始爬取 002498 的完整数据
2026-02-14 07:38:39 | INFO     | modules.crawler:__init__:72 - 爬虫初始化完成
2026-02-14 07:38:39 | INFO     | modules.crawler:__init__:72 - 爬虫初始化完成
2026-02-14 07:38:39 | INFO     | modules.crawler:search_news:168 - 开始搜索新闻: keyword=汉缆股份, days=7
2026-02-14 07:38:42 | INFO     | modules.parser:parse_eastmoney_news:137 - 尝试解析新闻数据，找到 10 条新闻
2026-02-14 07:38:42 | INFO     | modules.parser:parse_eastmoney_news:169 - 成功解析 10 条新闻
2026-02-14 07:38:42 | INFO     | modules.crawler:search_news:214 - 搜索完成，获取到 10 条新闻
2026-02-14 07:38:42 | INFO     | modules.parser:parse_events:399 - 从 10 条新闻中提取 0 条事件
2026-02-14 07:38:42 | INFO     | modules.crawler:get_fund_flow:266 - 获取资金流向: 002498, days=7
2026-02-14 07:38:43 | INFO     | modules.parser:parse_eastmoney_funds:251 - 成功解析 1 条资金流向数据
2026-02-14 07:38:43 | INFO     | modules.crawler:get_fund_flow:286 - 获取资金流向完成: 1 条
2026-02-14 07:38:43 | INFO     | modules.crawler:crawl_stock_full_data:462 - 数据爬取完成: 新闻10条, 资金1条, 事件0条
2026-02-14 07:42:48 | INFO     | modules.crawler:__init__:72 - 爬虫初始化完成
2026-02-14 07:42:48 | INFO     | modules.crawler:search_news:168 - 开始搜索新闻: keyword=002498, days=7
2026-02-14 07:42:50 | INFO     | modules.parser:parse_eastmoney_news:137 - 尝试解析新闻数据，找到 10 条新闻
2026-02-14 07:42:50 | INFO     | modules.parser:parse_eastmoney_news:169 - 成功解析 10 条新闻
2026-02-14 07:42:50 | INFO     | modules.crawler:search_news:214 - 搜索完成，获取到 6 条新闻
2026-02-14 07:42:50 | INFO     | modules.crawler:__init__:72 - 爬虫初始化完成
2026-02-14 07:42:50 | INFO     | modules.crawler:get_fund_flow:266 - 获取资金流向: 002498, days=5
2026-02-14 07:42:52 | INFO     | modules.parser:parse_eastmoney_funds:251 - 成功解析 1 条资金流向数据
2026-02-14 07:42:52 | INFO     | modules.crawler:get_fund_flow:286 - 获取资金流向完成: 1 条
2026-02-14 07:42:52 | INFO     | modules.crawler:__init__:72 - 爬虫初始化完成
2026-02-14 07:42:52 | INFO     | modules.crawler:search_news:168 - 开始搜索新闻: keyword=002498, days=3
2026-02-14 07:42:54 | INFO     | modules.parser:parse_eastmoney_news:137 - 尝试解析新闻数据，找到 10 条新闻
2026-02-14 07:42:54 | INFO     | modules.parser:parse_eastmoney_news:169 - 成功解析 10 条新闻
2026-02-14 07:42:54 | INFO     | modules.crawler:search_news:214 - 搜索完成，获取到 6 条新闻
2026-02-14 07:42:54 | INFO     | modules.crawler:crawl_stock_full_data:432 - 开始爬取 002498 的完整数据
2026-02-14 07:42:54 | INFO     | modules.crawler:__init__:72 - 爬虫初始化完成
2026-02-14 07:42:54 | INFO     | modules.crawler:__init__:72 - 爬虫初始化完成
2026-02-14 07:42:54 | INFO     | modules.crawler:search_news:168 - 开始搜索新闻: keyword=汉缆股份, days=7
2026-02-14 07:42:56 | INFO     | modules.parser:parse_eastmoney_news:137 - 尝试解析新闻数据，找到 10 条新闻
2026-02-14 07:42:56 | INFO     | modules.parser:parse_eastmoney_news:169 - 成功解析 10 条新闻
2026-02-14 07:42:56 | INFO     | modules.crawler:search_news:214 - 搜索完成，获取到 10 条新闻
2026-02-14 07:42:56 | INFO     | modules.parser:parse_events:399 - 从 10 条新闻中提取 0 条事件
2026-02-14 07:42:56 | INFO     | modules.crawler:get_fund_flow:266 - 获取资金流向: 002498, days=7
2026-02-14 07:42:58 | INFO     | modules.parser:parse_eastmoney_funds:251 - 成功解析 1 条资金流向数据
2026-02-14 07:42:58 | INFO     | modules.crawler:get_fund_flow:286 - 获取资金流向完成: 1 条
2026-02-14 07:42:58 | INFO     | modules.crawler:crawl_stock_full_data:462 - 数据爬取完成: 新闻10条, 资金1条, 事件0条
2026-02-14 07:46:55 | INFO     | modules.crawler:__init__:72 - 爬虫初始化完成
2026-02-14 07:46:55 | INFO     | modules.crawler:search_news:168 - 开始搜索新闻: keyword=002498, days=7
2026-02-14 07:46:57 | INFO     | modules.parser:parse_eastmoney_news:137 - 尝试解析新闻数据，找到 10 条新闻
2026-02-14 07:46:57 | INFO     | modules.parser:parse_eastmoney_news:169 - 成功解析 10 条新闻
2026-02-14 07:46:57 | INFO     | modules.crawler:search_news:214 - 搜索完成，获取到 6 条新闻
2026-02-14 07:46:57 | INFO     | modules.crawler:__init__:72 - 爬虫初始化完成
2026-02-14 07:46:57 | INFO     | modules.crawler:get_fund_flow:266 - 获取资金流向: 002498, days=5
2026-02-14 07:46:59 | INFO     | modules.parser:parse_eastmoney_funds:251 - 成功解析 1 条资金流向数据
2026-02-14 07:46:59 | INFO     | modules.crawler:get_fund_flow:286 - 获取资金流向完成: 1 条
2026-02-14 07:46:59 | INFO     | modules.crawler:__init__:72 - 爬虫初始化完成
2026-02-14 07:46:59 | INFO     | modules.crawler:search_news:168 - 开始搜索新闻: keyword=002498, days=3
2026-02-14 07:47:01 | INFO     | modules.parser:parse_eastmoney_news:137 - 尝试解析新闻数据，找到 10 条新闻
2026-02-14 07:47:01 | INFO     | modules.parser:parse_eastmoney_news:169 - 成功解析 10 条新闻
2026-02-14 07:47:01 | INFO     | modules.crawler:search_news:214 - 搜索完成，获取到 6 条新闻
2026-02-14 07:47:01 | INFO     | modules.crawler:crawl_stock_full_data:432 - 开始爬取 002498 的完整数据
2026-02-14 07:47:01 | INFO     | modules.crawler:__init__:72 - 爬虫初始化完成
2026-02-14 07:47:01 | INFO     | modules.crawler:__init__:72 - 爬虫初始化完成
2026-02-14 07:47:01 | INFO     | modules.crawler:search_news:168 - 开始搜索新闻: keyword=汉缆股份, days=7
2026-02-14 07:47:04 | INFO     | modules.parser:parse_eastmoney_news:137 - 尝试解析新闻数据，找到 10 条新闻
2026-02-14 07:47:04 | INFO     | modules.parser:parse_eastmoney_news:169 - 成功解析 10 条新闻
2026-02-14 07:47:04 | INFO     | modules.crawler:search_news:214 - 搜索完成，获取到 10 条新闻
2026-02-14 07:47:04 | INFO     | modules.parser:parse_events:399 - 从 10 条新闻中提取 0 条事件
2026-02-14 07:47:04 | INFO     | modules.crawler:get_fund_flow:266 - 获取资金流向: 002498, days=7
2026-02-14 07:47:05 | INFO     | modules.parser:parse_eastmoney_funds:251 - 成功解析 1 条资金流向数据
2026-02-14 07:47:05 | INFO     | modules.crawler:get_fund_flow:286 - 获取资金流向完成: 1 条
2026-02-14 07:47:05 | INFO     | modules.crawler:crawl_stock_full_data:462 - 数据爬取完成: 新闻10条, 资金1条, 事件0条
2026-02-14 07:49:28 | INFO     | modules.crawler:__init__:72 - 爬虫初始化完成
2026-02-14 07:49:28 | INFO     | modules.crawler:search_news:168 - 开始搜索新闻: keyword=002498, days=7
2026-02-14 07:49:31 | INFO     | modules.parser:parse_eastmoney_news:137 - 尝试解析新闻数据，找到 10 条新闻
2026-02-14 07:49:31 | INFO     | modules.parser:parse_eastmoney_news:169 - 成功解析 10 条新闻
2026-02-14 07:49:31 | INFO     | modules.crawler:search_news:214 - 搜索完成，获取到 6 条新闻
2026-02-14 07:49:31 | INFO     | modules.crawler:__init__:72 - 爬虫初始化完成
2026-02-14 07:49:31 | INFO     | modules.crawler:get_fund_flow:266 - 获取资金流向: 002498, days=5
2026-02-14 07:49:33 | INFO     | modules.parser:parse_eastmoney_funds:251 - 成功解析 1 条资金流向数据
2026-02-14 07:49:33 | INFO     | modules.crawler:get_fund_flow:286 - 获取资金流向完成: 1 条
2026-02-14 07:49:33 | INFO     | modules.crawler:__init__:72 - 爬虫初始化完成
2026-02-14 07:49:33 | INFO     | modules.crawler:search_news:168 - 开始搜索新闻: keyword=002498, days=3
2026-02-14 07:49:36 | INFO     | modules.parser:parse_eastmoney_news:137 - 尝试解析新闻数据，找到 10 条新闻
2026-02-14 07:49:36 | INFO     | modules.parser:parse_eastmoney_news:169 - 成功解析 10 条新闻
2026-02-14 07:49:36 | INFO     | modules.crawler:search_news:214 - 搜索完成，获取到 6 条新闻
2026-02-14 07:49:36 | INFO     | modules.crawler:crawl_stock_full_data:432 - 开始爬取 002498 的完整数据
2026-02-14 07:49:36 | INFO     | modules.crawler:__init__:72 - 爬虫初始化完成
2026-02-14 07:49:36 | INFO     | modules.crawler:__init__:72 - 爬虫初始化完成
2026-02-14 07:49:36 | INFO     | modules.crawler:search_news:168 - 开始搜索新闻: keyword=汉缆股份, days=7
2026-02-14 07:49:38 | INFO     | modules.parser:parse_eastmoney_news:137 - 尝试解析新闻数据，找到 10 条新闻
2026-02-14 07:49:38 | INFO     | modules.parser:parse_eastmoney_news:169 - 成功解析 10 条新闻
2026-02-14 07:49:38 | INFO     | modules.crawler:search_news:214 - 搜索完成，获取到 10 条新闻
2026-02-14 07:49:38 | INFO     | modules.parser:parse_events:399 - 从 10 条新闻中提取 0 条事件
2026-02-14 07:49:38 | INFO     | modules.crawler:get_fund_flow:266 - 获取资金流向: 002498, days=7
2026-02-14 07:49:40 | INFO     | modules.parser:parse_eastmoney_funds:251 - 成功解析 1 条资金流向数据
2026-02-14 07:49:40 | INFO     | modules.crawler:get_fund_flow:286 - 获取资金流向完成: 1 条
2026-02-14 07:49:40 | INFO     | modules.crawler:crawl_stock_full_data:462 - 数据爬取完成: 新闻10条, 资金1条, 事件0条
